--------------------------------------------------

2017/11/9 10:05:09：Path              = /admin9876/Order/BankOrderShow.aspx?id=3813642
Time              = 2017-11-09 10:05:09
ClientIP          = ::1
Type              = System.InvalidOperationException, mscorlib, Version=2.0.0.0, Culture=neutral, PublicKeyToken=b77a5c561934e089
Message           = 未启用当前数据库的 SQL Server Service Broker，因此查询通知不受支持。如果希望使用通知，请为此数据库启用 Service Broker。
Source            = System.Data
HelpLink          = 
ReflectionInfo    = Data : System.Collections.ListDictionaryInternal
                        TargetSite : Void .ctor(SqlConnectionContainerHashHelper, System.String, Boolean)
                        
StackTrace        = 
                        Server stack trace: 
                           在 SqlDependencyProcessDispatcher.SqlConnectionContainer..ctor(SqlConnectionContainerHashHelper hashHelper, String appDomainKey, Boolean useDefaults)
                           在 SqlDependencyProcessDispatcher.Start(String connectionString, String& server, DbConnectionPoolIdentity& identity, String& user, String& database, String& queueService, String appDomainKey, SqlDependencyPerAppDomainDispatcher dispatcher, Boolean& errorOccurred, Boolean& appDomainStart, Boolean useDefaults)
                           在 SqlDependencyProcessDispatcher.StartWithDefault(String connectionString, String& server, DbConnectionPoolIdentity& identity, String& user, String& database, String& service, String appDomainKey, SqlDependencyPerAppDomainDispatcher dispatcher, Boolean& errorOccurred, Boolean& appDomainStart)
                           在 System.Runtime.Remoting.Messaging.StackBuilderSink._PrivateProcessMessage(IntPtr md, Object[] args, Object server, Int32 methodPtr, Boolean fExecuteInContext, Object[]& outArgs)
                           在 System.Runtime.Remoting.Messaging.StackBuilderSink.PrivateProcessMessage(RuntimeMethodHandle md, Object[] args, Object server, Int32 methodPtr, Boolean fExecuteInContext, Object[]& outArgs)
                           在 System.Runtime.Remoting.Messaging.StackBuilderSink.SyncProcessMessage(IMessage msg, Int32 methodPtr, Boolean fExecuteInContext)
                        
                        Exception rethrown at [0]: 
                           在 System.Runtime.Remoting.Proxies.RealProxy.HandleReturnMessage(IMessage reqMsg, IMessage retMsg)
                           在 System.Runtime.Remoting.Proxies.RealProxy.PrivateInvoke(MessageData& msgData, Int32 type)
                           在 SqlDependencyProcessDispatcher.StartWithDefault(String connectionString, String& server, DbConnectionPoolIdentity& identity, String& user, String& database, String& service, String appDomainKey, SqlDependencyPerAppDomainDispatcher dispatcher, Boolean& errorOccurred, Boolean& appDomainStart)
                           在 System.Data.SqlClient.SqlDependency.Start(String connectionString, String queue, Boolean useDefaults)
                           在 System.Data.SqlClient.SqlDependency.Start(String connectionString)
                           在 DBAccess.DataBase.AddSqlDependency(String cacheKey, String strSql, IDictionary`2 parameters) 位置 E:\3_ASP\Aiyang_cs\DBAccess2.0\DBAccess\DataBase.cs:行号 43
--------------------------------------------------

2017/11/9 10:05:09：Path              = /admin9876/Order/BankOrderShow.aspx?id=3813642
Time              = 2017-11-09 10:05:09
ClientIP          = ::1
Type              = System.InvalidOperationException, mscorlib, Version=2.0.0.0, Culture=neutral, PublicKeyToken=b77a5c561934e089
Message           = 未启用当前数据库的 SQL Server Service Broker，因此查询通知不受支持。如果希望使用通知，请为此数据库启用 Service Broker。
Source            = System.Data
HelpLink          = 
ReflectionInfo    = Data : System.Collections.ListDictionaryInternal
                        TargetSite : Void .ctor(SqlConnectionContainerHashHelper, System.String, Boolean)
                        
StackTrace        = 
                        Server stack trace: 
                           在 SqlDependencyProcessDispatcher.SqlConnectionContainer..ctor(SqlConnectionContainerHashHelper hashHelper, String appDomainKey, Boolean useDefaults)
                           在 SqlDependencyProcessDispatcher.Start(String connectionString, String& server, DbConnectionPoolIdentity& identity, String& user, String& database, String& queueService, String appDomainKey, SqlDependencyPerAppDomainDispatcher dispatcher, Boolean& errorOccurred, Boolean& appDomainStart, Boolean useDefaults)
                           在 SqlDependencyProcessDispatcher.StartWithDefault(String connectionString, String& server, DbConnectionPoolIdentity& identity, String& user, String& database, String& service, String appDomainKey, SqlDependencyPerAppDomainDispatcher dispatcher, Boolean& errorOccurred, Boolean& appDomainStart)
                           在 System.Runtime.Remoting.Messaging.StackBuilderSink._PrivateProcessMessage(IntPtr md, Object[] args, Object server, Int32 methodPtr, Boolean fExecuteInContext, Object[]& outArgs)
                           在 System.Runtime.Remoting.Messaging.StackBuilderSink.PrivateProcessMessage(RuntimeMethodHandle md, Object[] args, Object server, Int32 methodPtr, Boolean fExecuteInContext, Object[]& outArgs)
                           在 System.Runtime.Remoting.Messaging.StackBuilderSink.SyncProcessMessage(IMessage msg, Int32 methodPtr, Boolean fExecuteInContext)
                        
                        Exception rethrown at [0]: 
                           在 System.Runtime.Remoting.Proxies.RealProxy.HandleReturnMessage(IMessage reqMsg, IMessage retMsg)
                           在 System.Runtime.Remoting.Proxies.RealProxy.PrivateInvoke(MessageData& msgData, Int32 type)
                           在 SqlDependencyProcessDispatcher.StartWithDefault(String connectionString, String& server, DbConnectionPoolIdentity& identity, String& user, String& database, String& service, String appDomainKey, SqlDependencyPerAppDomainDispatcher dispatcher, Boolean& errorOccurred, Boolean& appDomainStart)
                           在 System.Data.SqlClient.SqlDependency.Start(String connectionString, String queue, Boolean useDefaults)
                           在 System.Data.SqlClient.SqlDependency.Start(String connectionString)
                           在 DBAccess.DataBase.AddSqlDependency(String cacheKey, String strSql, IDictionary`2 parameters) 位置 E:\3_ASP\Aiyang_cs\DBAccess2.0\DBAccess\DataBase.cs:行号 43
--------------------------------------------------

2017/11/9 10:05:16：Path              = /admin9876/Order/BankOrderShow.aspx?id=3813436
Time              = 2017-11-09 10:05:16
ClientIP          = ::1
Type              = System.InvalidOperationException, mscorlib, Version=2.0.0.0, Culture=neutral, PublicKeyToken=b77a5c561934e089
Message           = 未启用当前数据库的 SQL Server Service Broker，因此查询通知不受支持。如果希望使用通知，请为此数据库启用 Service Broker。
Source            = System.Data
HelpLink          = 
ReflectionInfo    = Data : System.Collections.ListDictionaryInternal
                        TargetSite : Void .ctor(SqlConnectionContainerHashHelper, System.String, Boolean)
                        
StackTrace        = 
                        Server stack trace: 
                           在 SqlDependencyProcessDispatcher.SqlConnectionContainer..ctor(SqlConnectionContainerHashHelper hashHelper, String appDomainKey, Boolean useDefaults)
                           在 SqlDependencyProcessDispatcher.Start(String connectionString, String& server, DbConnectionPoolIdentity& identity, String& user, String& database, String& queueService, String appDomainKey, SqlDependencyPerAppDomainDispatcher dispatcher, Boolean& errorOccurred, Boolean& appDomainStart, Boolean useDefaults)
                           在 SqlDependencyProcessDispatcher.StartWithDefault(String connectionString, String& server, DbConnectionPoolIdentity& identity, String& user, String& database, String& service, String appDomainKey, SqlDependencyPerAppDomainDispatcher dispatcher, Boolean& errorOccurred, Boolean& appDomainStart)
                           在 System.Runtime.Remoting.Messaging.StackBuilderSink._PrivateProcessMessage(IntPtr md, Object[] args, Object server, Int32 methodPtr, Boolean fExecuteInContext, Object[]& outArgs)
                           在 System.Runtime.Remoting.Messaging.StackBuilderSink.PrivateProcessMessage(RuntimeMethodHandle md, Object[] args, Object server, Int32 methodPtr, Boolean fExecuteInContext, Object[]& outArgs)
                           在 System.Runtime.Remoting.Messaging.StackBuilderSink.SyncProcessMessage(IMessage msg, Int32 methodPtr, Boolean fExecuteInContext)
                        
                        Exception rethrown at [0]: 
                           在 System.Runtime.Remoting.Proxies.RealProxy.HandleReturnMessage(IMessage reqMsg, IMessage retMsg)
                           在 System.Runtime.Remoting.Proxies.RealProxy.PrivateInvoke(MessageData& msgData, Int32 type)
                           在 SqlDependencyProcessDispatcher.StartWithDefault(String connectionString, String& server, DbConnectionPoolIdentity& identity, String& user, String& database, String& service, String appDomainKey, SqlDependencyPerAppDomainDispatcher dispatcher, Boolean& errorOccurred, Boolean& appDomainStart)
                           在 System.Data.SqlClient.SqlDependency.Start(String connectionString, String queue, Boolean useDefaults)
                           在 System.Data.SqlClient.SqlDependency.Start(String connectionString)
                           在 DBAccess.DataBase.AddSqlDependency(String cacheKey, String strSql, IDictionary`2 parameters) 位置 E:\3_ASP\Aiyang_cs\DBAccess2.0\DBAccess\DataBase.cs:行号 43
--------------------------------------------------

2017/11/9 10:05:16：Path              = /admin9876/Order/BankOrderShow.aspx?id=3813436
Time              = 2017-11-09 10:05:16
ClientIP          = ::1
Type              = System.InvalidOperationException, mscorlib, Version=2.0.0.0, Culture=neutral, PublicKeyToken=b77a5c561934e089
Message           = 未启用当前数据库的 SQL Server Service Broker，因此查询通知不受支持。如果希望使用通知，请为此数据库启用 Service Broker。
Source            = System.Data
HelpLink          = 
ReflectionInfo    = Data : System.Collections.ListDictionaryInternal
                        TargetSite : Void .ctor(SqlConnectionContainerHashHelper, System.String, Boolean)
                        
StackTrace        = 
                        Server stack trace: 
                           在 SqlDependencyProcessDispatcher.SqlConnectionContainer..ctor(SqlConnectionContainerHashHelper hashHelper, String appDomainKey, Boolean useDefaults)
                           在 SqlDependencyProcessDispatcher.Start(String connectionString, String& server, DbConnectionPoolIdentity& identity, String& user, String& database, String& queueService, String appDomainKey, SqlDependencyPerAppDomainDispatcher dispatcher, Boolean& errorOccurred, Boolean& appDomainStart, Boolean useDefaults)
                           在 SqlDependencyProcessDispatcher.StartWithDefault(String connectionString, String& server, DbConnectionPoolIdentity& identity, String& user, String& database, String& service, String appDomainKey, SqlDependencyPerAppDomainDispatcher dispatcher, Boolean& errorOccurred, Boolean& appDomainStart)
                           在 System.Runtime.Remoting.Messaging.StackBuilderSink._PrivateProcessMessage(IntPtr md, Object[] args, Object server, Int32 methodPtr, Boolean fExecuteInContext, Object[]& outArgs)
                           在 System.Runtime.Remoting.Messaging.StackBuilderSink.PrivateProcessMessage(RuntimeMethodHandle md, Object[] args, Object server, Int32 methodPtr, Boolean fExecuteInContext, Object[]& outArgs)
                           在 System.Runtime.Remoting.Messaging.StackBuilderSink.SyncProcessMessage(IMessage msg, Int32 methodPtr, Boolean fExecuteInContext)
                        
                        Exception rethrown at [0]: 
                           在 System.Runtime.Remoting.Proxies.RealProxy.HandleReturnMessage(IMessage reqMsg, IMessage retMsg)
                           在 System.Runtime.Remoting.Proxies.RealProxy.PrivateInvoke(MessageData& msgData, Int32 type)
                           在 SqlDependencyProcessDispatcher.StartWithDefault(String connectionString, String& server, DbConnectionPoolIdentity& identity, String& user, String& database, String& service, String appDomainKey, SqlDependencyPerAppDomainDispatcher dispatcher, Boolean& errorOccurred, Boolean& appDomainStart)
                           在 System.Data.SqlClient.SqlDependency.Start(String connectionString, String queue, Boolean useDefaults)
                           在 System.Data.SqlClient.SqlDependency.Start(String connectionString)
                           在 DBAccess.DataBase.AddSqlDependency(String cacheKey, String strSql, IDictionary`2 parameters) 位置 E:\3_ASP\Aiyang_cs\DBAccess2.0\DBAccess\DataBase.cs:行号 43
--------------------------------------------------

2017/11/9 10:05:26：Path              = /admin9876/Order/BankReportList.aspx?status=--%E8%AE%A2%E5%8D%95%E7%8A%B6%E6%80%81--&ctype=&userid=&ns=--%E4%B8%8B%E5%8F%91%E7%8A%B6%E6%80%81--&stime=2015-11-09%2000:00:00&etime=2017-11-09&mid=--%E8%AF%B7%E9%80%89%E6%8B%A9%E4%B8%9A%E5%8A%A1%E5%91%98--&orderid=&userorder=&supporder=&currpage=1
Time              = 2017-11-09 10:05:26
ClientIP          = ::1
Type              = System.FormatException, mscorlib, Version=2.0.0.0, Culture=neutral, PublicKeyToken=b77a5c561934e089
Message           = 未找到任何可识别的数字。
Source            = mscorlib
HelpLink          = 
ReflectionInfo    = Data : System.Collections.ListDictionaryInternal
                        TargetSite : Int32 StringToInt(System.String, Int32, Int32, Int32*)
                        
StackTrace        =    在 System.ParseNumbers.StringToInt(String s, Int32 radix, Int32 flags, Int32* currPos)
                           在 System.Convert.ToInt32(String value, Int32 fromBase)
                           在 KuaiCardLib.Web.WebBase.GetQueryStringInt32(String param, Int32 defaultValue) 位置 E:\3_ASP\Aiyang_cs\KuaiCardLib2.0\KuaiCardLib.Web\WebBase.cs:行号 264
--------------------------------------------------

2017/11/9 10:05:26：Path              = /admin9876/Order/BankReportList.aspx?status=--%E8%AE%A2%E5%8D%95%E7%8A%B6%E6%80%81--&ctype=&userid=&ns=--%E4%B8%8B%E5%8F%91%E7%8A%B6%E6%80%81--&stime=2015-11-09%2000:00:00&etime=2017-11-09&mid=--%E8%AF%B7%E9%80%89%E6%8B%A9%E4%B8%9A%E5%8A%A1%E5%91%98--&orderid=&userorder=&supporder=&currpage=1
Time              = 2017-11-09 10:05:26
ClientIP          = ::1
Type              = System.FormatException, mscorlib, Version=2.0.0.0, Culture=neutral, PublicKeyToken=b77a5c561934e089
Message           = 未找到任何可识别的数字。
Source            = mscorlib
HelpLink          = 
ReflectionInfo    = Data : System.Collections.ListDictionaryInternal
                        TargetSite : Int32 StringToInt(System.String, Int32, Int32, Int32*)
                        
StackTrace        =    在 System.ParseNumbers.StringToInt(String s, Int32 radix, Int32 flags, Int32* currPos)
                           在 System.Convert.ToInt32(String value, Int32 fromBase)
                           在 KuaiCardLib.Web.WebBase.GetQueryStringInt32(String param, Int32 defaultValue) 位置 E:\3_ASP\Aiyang_cs\KuaiCardLib2.0\KuaiCardLib.Web\WebBase.cs:行号 264
--------------------------------------------------

2017/11/9 10:05:26：Path              = /admin9876/Order/BankReportList.aspx?status=--%E8%AE%A2%E5%8D%95%E7%8A%B6%E6%80%81--&ctype=&userid=&ns=--%E4%B8%8B%E5%8F%91%E7%8A%B6%E6%80%81--&stime=2015-11-09%2000:00:00&etime=2017-11-09&mid=--%E8%AF%B7%E9%80%89%E6%8B%A9%E4%B8%9A%E5%8A%A1%E5%91%98--&orderid=&userorder=&supporder=&currpage=1
Time              = 2017-11-09 10:05:26
ClientIP          = ::1
Type              = System.FormatException, mscorlib, Version=2.0.0.0, Culture=neutral, PublicKeyToken=b77a5c561934e089
Message           = 未找到任何可识别的数字。
Source            = mscorlib
HelpLink          = 
ReflectionInfo    = Data : System.Collections.ListDictionaryInternal
                        TargetSite : Int32 StringToInt(System.String, Int32, Int32, Int32*)
                        
StackTrace        =    在 System.ParseNumbers.StringToInt(String s, Int32 radix, Int32 flags, Int32* currPos)
                           在 System.Convert.ToInt32(String value, Int32 fromBase)
                           在 KuaiCardLib.Web.WebBase.GetQueryStringInt32(String param, Int32 defaultValue) 位置 E:\3_ASP\Aiyang_cs\KuaiCardLib2.0\KuaiCardLib.Web\WebBase.cs:行号 264
--------------------------------------------------

2017/11/9 15:15:01：Path              = /admin9876/User/UserEdit.aspx?id=86000015
Time              = 2017-11-09 15:15:01
ClientIP          = ::1
Type              = System.InvalidOperationException, mscorlib, Version=2.0.0.0, Culture=neutral, PublicKeyToken=b77a5c561934e089
Message           = 未启用当前数据库的 SQL Server Service Broker，因此查询通知不受支持。如果希望使用通知，请为此数据库启用 Service Broker。
Source            = System.Data
HelpLink          = 
ReflectionInfo    = Data : System.Collections.ListDictionaryInternal
                        TargetSite : Void .ctor(SqlConnectionContainerHashHelper, System.String, Boolean)
                        
StackTrace        = 
                        Server stack trace: 
                           在 SqlDependencyProcessDispatcher.SqlConnectionContainer..ctor(SqlConnectionContainerHashHelper hashHelper, String appDomainKey, Boolean useDefaults)
                           在 SqlDependencyProcessDispatcher.Start(String connectionString, String& server, DbConnectionPoolIdentity& identity, String& user, String& database, String& queueService, String appDomainKey, SqlDependencyPerAppDomainDispatcher dispatcher, Boolean& errorOccurred, Boolean& appDomainStart, Boolean useDefaults)
                           在 SqlDependencyProcessDispatcher.StartWithDefault(String connectionString, String& server, DbConnectionPoolIdentity& identity, String& user, String& database, String& service, String appDomainKey, SqlDependencyPerAppDomainDispatcher dispatcher, Boolean& errorOccurred, Boolean& appDomainStart)
                           在 System.Runtime.Remoting.Messaging.StackBuilderSink._PrivateProcessMessage(IntPtr md, Object[] args, Object server, Int32 methodPtr, Boolean fExecuteInContext, Object[]& outArgs)
                           在 System.Runtime.Remoting.Messaging.StackBuilderSink.PrivateProcessMessage(RuntimeMethodHandle md, Object[] args, Object server, Int32 methodPtr, Boolean fExecuteInContext, Object[]& outArgs)
                           在 System.Runtime.Remoting.Messaging.StackBuilderSink.SyncProcessMessage(IMessage msg, Int32 methodPtr, Boolean fExecuteInContext)
                        
                        Exception rethrown at [0]: 
                           在 System.Runtime.Remoting.Proxies.RealProxy.HandleReturnMessage(IMessage reqMsg, IMessage retMsg)
                           在 System.Runtime.Remoting.Proxies.RealProxy.PrivateInvoke(MessageData& msgData, Int32 type)
                           在 SqlDependencyProcessDispatcher.StartWithDefault(String connectionString, String& server, DbConnectionPoolIdentity& identity, String& user, String& database, String& service, String appDomainKey, SqlDependencyPerAppDomainDispatcher dispatcher, Boolean& errorOccurred, Boolean& appDomainStart)
                           在 System.Data.SqlClient.SqlDependency.Start(String connectionString, String queue, Boolean useDefaults)
                           在 System.Data.SqlClient.SqlDependency.Start(String connectionString)
                           在 DBAccess.DataBase.AddSqlDependency(String cacheKey, String strSql, IDictionary`2 parameters) 位置 E:\3_ASP\Aiyang_cs\DBAccess2.0\DBAccess\DataBase.cs:行号 43
