--------------------------------------------------

2017/11/3 8:52:21：Path              = /index.aspx
Time              = 2017-11-03 08:52:21
ClientIP          = ::1
Type              = System.Web.HttpUnhandledException, System.Web, Version=2.0.0.0, Culture=neutral, PublicKeyToken=b03f5f7f11d50a3a
Message           = 引发类型为“System.Web.HttpUnhandledException”的异常。
Source            = System.Web
HelpLink          = 
ReflectionInfo    = ErrorCode : -2147467259
                        Data : System.Collections.ListDictionaryInternal
                        TargetSite : Boolean HandleError(System.Exception)
                        
StackTrace        =    在 System.Web.UI.Page.HandleError(Exception e)
                           在 System.Web.UI.Page.ProcessRequestMain(Boolean includeStagesBeforeAsyncPoint, Boolean includeStagesAfterAsyncPoint)
                           在 System.Web.UI.Page.ProcessRequest(Boolean includeStagesBeforeAsyncPoint, Boolean includeStagesAfterAsyncPoint)
                           在 System.Web.UI.Page.ProcessRequest()
                           在 System.Web.UI.Page.ProcessRequestWithNoAssert(HttpContext context)
                           在 System.Web.UI.Page.ProcessRequest(HttpContext context)
                           在 ASP.index_aspx.ProcessRequest(HttpContext context) 位置 c:\Windows\Microsoft.NET\Framework\v2.0.50727\Temporary ASP.NET Files\root\2c698c89\32fb458\App_Web_gcnqrqjy.1.cs:行号 0
                           在 System.Web.HttpApplication.CallHandlerExecutionStep.System.Web.HttpApplication.IExecutionStep.Execute()
                           在 System.Web.HttpApplication.ExecuteStep(IExecutionStep step, Boolean& completedSynchronously)
--------------------------------------------------

2017/11/3 8:52:21：Path              = /index.aspx
Time              = 2017-11-03 08:52:21
ClientIP          = ::1
Type              = System.FormatException, mscorlib, Version=2.0.0.0, Culture=neutral, PublicKeyToken=b77a5c561934e089
Message           = Base-64 字符串中的无效字符。
Source            = mscorlib
HelpLink          = 
ReflectionInfo    = Data : System.Collections.ListDictionaryInternal
                        TargetSite : Byte[] FromBase64String(System.String)
                        
StackTrace        =    在 System.Convert.FromBase64String(String s)
                           在 KuaiCardLib.Security.Cryptography.RijndaelDecrypt(String strToDecrypt) 位置 E:\3_ASP\Aiyang_cs\KuaiCardLib2.0\KuaiCardLib.Security\Cryptography.cs:行号 184
                           在 KuaiCard.WebUI.User.UserLogin.Page_Load(Object sender, EventArgs e) 位置 E:\3_ASP\Aiyang_cs\WebUI2.0\KuaiCard\WebUI\User\UserLogin.cs:行号 27
                           在 System.Web.Util.CalliHelper.EventArgFunctionCaller(IntPtr fp, Object o, Object t, EventArgs e)
                           在 System.Web.Util.CalliEventHandlerDelegateProxy.Callback(Object sender, EventArgs e)
                           在 System.Web.UI.Control.OnLoad(EventArgs e)
                           在 System.Web.UI.Control.LoadRecursive()
                           在 System.Web.UI.Page.ProcessRequestMain(Boolean includeStagesBeforeAsyncPoint, Boolean includeStagesAfterAsyncPoint)
--------------------------------------------------

2017/11/3 8:55:02：Path              = /index.aspx
Time              = 2017-11-03 08:55:02
ClientIP          = ::1
Type              = System.ArgumentException, mscorlib, Version=2.0.0.0, Culture=neutral, PublicKeyToken=b77a5c561934e089
Message           = connectionString
Source            = System.Data
HelpLink          = 
ReflectionInfo    = ParamName : 
                        Data : System.Collections.ListDictionaryInternal
                        TargetSite : Boolean Start(System.String, System.String, Boolean)
                        
StackTrace        =    在 System.Data.SqlClient.SqlDependency.Start(String connectionString, String queue, Boolean useDefaults)
                           在 System.Data.SqlClient.SqlDependency.Start(String connectionString)
                           在 DBAccess.DataBase.AddSqlDependency(String cacheKey, String strSql, IDictionary`2 parameters) 位置 E:\3_ASP\Aiyang_cs\DBAccess2.0\DBAccess\DataBase.cs:行号 43
--------------------------------------------------

2017/11/3 8:55:02：Path              = /index.aspx
Time              = 2017-11-03 08:55:02
ClientIP          = ::1
Type              = System.ArgumentNullException, mscorlib, Version=2.0.0.0, Culture=neutral, PublicKeyToken=b77a5c561934e089
Message           = 值不能为空。
参数名: connectionString
Source            = DBAccess
HelpLink          = 
ReflectionInfo    = ParamName : connectionString
                        Data : System.Collections.ListDictionaryInternal
                        TargetSite : System.Data.DataSet ExecuteDataset(System.String, System.Data.CommandType, System.String, System.Data.SqlClient.SqlParameter[])
                        
StackTrace        =    在 DBAccess.DataBase.ExecuteDataset(String connectionString, CommandType commandType, String commandText, SqlParameter[] commandParameters) 位置 E:\3_ASP\Aiyang_cs\DBAccess2.0\DBAccess\DataBase.cs:行号 340
                           在 DBAccess.DataBase.ExecuteDataset(CommandType commandType, String commandText) 位置 E:\3_ASP\Aiyang_cs\DBAccess2.0\DBAccess\DataBase.cs:行号 208
                           在 KuaiCard.BLL.SysConfig.GetCacheList() 位置 E:\3_ASP\Aiyang_cs\KuaiCard.BLL2.0\KuaiCard\BLL\SysConfig.cs:行号 37
--------------------------------------------------

2017/11/3 8:55:02：Path              = /index.aspx
Time              = 2017-11-03 08:55:02
ClientIP          = ::1
Type              = System.ArgumentNullException, mscorlib, Version=2.0.0.0, Culture=neutral, PublicKeyToken=b77a5c561934e089
Message           = 值不能为空。
参数名: connectionString
Source            = DBAccess
HelpLink          = 
ReflectionInfo    = ParamName : connectionString
                        Data : System.Collections.ListDictionaryInternal
                        TargetSite : System.Data.SqlClient.SqlDataReader ExecuteReader(System.String, System.Data.CommandType, System.String, System.Data.SqlClient.SqlParameter[])
                        
StackTrace        =    在 DBAccess.DataBase.ExecuteReader(String connectionString, CommandType commandType, String commandText, SqlParameter[] commandParameters) 位置 E:\3_ASP\Aiyang_cs\DBAccess2.0\DBAccess\DataBase.cs:行号 720
                           在 DBAccess.DataBase.ExecuteReader(CommandType commandType, String commandText, SqlParameter[] commandParameters) 位置 E:\3_ASP\Aiyang_cs\DBAccess2.0\DBAccess\DataBase.cs:行号 618
                           在 KuaiCard.BLL.User.UserFactory.SignIn(UserInfo userinfo) 位置 E:\3_ASP\Aiyang_cs\KuaiCard.BLL2.0\KuaiCard\BLL\User\UserFactory.cs:行号 1201
--------------------------------------------------

2017/11/3 8:59:15：Path              = /index.aspx
Time              = 2017-11-03 08:59:15
ClientIP          = ::1
Type              = System.InvalidOperationException, mscorlib, Version=2.0.0.0, Culture=neutral, PublicKeyToken=b77a5c561934e089
Message           = 未启用当前数据库的 SQL Server Service Broker，因此查询通知不受支持。如果希望使用通知，请为此数据库启用 Service Broker。
Source            = System.Data
HelpLink          = 
ReflectionInfo    = Data : System.Collections.ListDictionaryInternal
                        TargetSite : Void .ctor(SqlConnectionContainerHashHelper, System.String, Boolean)
                        
StackTrace        = 
                        Server stack trace: 
                           在 SqlDependencyProcessDispatcher.SqlConnectionContainer..ctor(SqlConnectionContainerHashHelper hashHelper, String appDomainKey, Boolean useDefaults)
                           在 SqlDependencyProcessDispatcher.Start(String connectionString, String& server, DbConnectionPoolIdentity& identity, String& user, String& database, String& queueService, String appDomainKey, SqlDependencyPerAppDomainDispatcher dispatcher, Boolean& errorOccurred, Boolean& appDomainStart, Boolean useDefaults)
                           在 SqlDependencyProcessDispatcher.StartWithDefault(String connectionString, String& server, DbConnectionPoolIdentity& identity, String& user, String& database, String& service, String appDomainKey, SqlDependencyPerAppDomainDispatcher dispatcher, Boolean& errorOccurred, Boolean& appDomainStart)
                           在 System.Runtime.Remoting.Messaging.StackBuilderSink._PrivateProcessMessage(IntPtr md, Object[] args, Object server, Int32 methodPtr, Boolean fExecuteInContext, Object[]& outArgs)
                           在 System.Runtime.Remoting.Messaging.StackBuilderSink.PrivateProcessMessage(RuntimeMethodHandle md, Object[] args, Object server, Int32 methodPtr, Boolean fExecuteInContext, Object[]& outArgs)
                           在 System.Runtime.Remoting.Messaging.StackBuilderSink.SyncProcessMessage(IMessage msg, Int32 methodPtr, Boolean fExecuteInContext)
                        
                        Exception rethrown at [0]: 
                           在 System.Runtime.Remoting.Proxies.RealProxy.HandleReturnMessage(IMessage reqMsg, IMessage retMsg)
                           在 System.Runtime.Remoting.Proxies.RealProxy.PrivateInvoke(MessageData& msgData, Int32 type)
                           在 SqlDependencyProcessDispatcher.StartWithDefault(String connectionString, String& server, DbConnectionPoolIdentity& identity, String& user, String& database, String& service, String appDomainKey, SqlDependencyPerAppDomainDispatcher dispatcher, Boolean& errorOccurred, Boolean& appDomainStart)
                           在 System.Data.SqlClient.SqlDependency.Start(String connectionString, String queue, Boolean useDefaults)
                           在 System.Data.SqlClient.SqlDependency.Start(String connectionString)
                           在 DBAccess.DataBase.AddSqlDependency(String cacheKey, String strSql, IDictionary`2 parameters) 位置 E:\3_ASP\Aiyang_cs\DBAccess2.0\DBAccess\DataBase.cs:行号 43
--------------------------------------------------

2017/11/3 8:59:18：Path              = /User/index.aspx
Time              = 2017-11-03 08:59:18
ClientIP          = ::1
Type              = System.InvalidOperationException, mscorlib, Version=2.0.0.0, Culture=neutral, PublicKeyToken=b77a5c561934e089
Message           = 未启用当前数据库的 SQL Server Service Broker，因此查询通知不受支持。如果希望使用通知，请为此数据库启用 Service Broker。
Source            = System.Data
HelpLink          = 
ReflectionInfo    = Data : System.Collections.ListDictionaryInternal
                        TargetSite : Void .ctor(SqlConnectionContainerHashHelper, System.String, Boolean)
                        
StackTrace        = 
                        Server stack trace: 
                           在 SqlDependencyProcessDispatcher.SqlConnectionContainer..ctor(SqlConnectionContainerHashHelper hashHelper, String appDomainKey, Boolean useDefaults)
                           在 SqlDependencyProcessDispatcher.Start(String connectionString, String& server, DbConnectionPoolIdentity& identity, String& user, String& database, String& queueService, String appDomainKey, SqlDependencyPerAppDomainDispatcher dispatcher, Boolean& errorOccurred, Boolean& appDomainStart, Boolean useDefaults)
                           在 SqlDependencyProcessDispatcher.StartWithDefault(String connectionString, String& server, DbConnectionPoolIdentity& identity, String& user, String& database, String& service, String appDomainKey, SqlDependencyPerAppDomainDispatcher dispatcher, Boolean& errorOccurred, Boolean& appDomainStart)
                           在 System.Runtime.Remoting.Messaging.StackBuilderSink._PrivateProcessMessage(IntPtr md, Object[] args, Object server, Int32 methodPtr, Boolean fExecuteInContext, Object[]& outArgs)
                           在 System.Runtime.Remoting.Messaging.StackBuilderSink.PrivateProcessMessage(RuntimeMethodHandle md, Object[] args, Object server, Int32 methodPtr, Boolean fExecuteInContext, Object[]& outArgs)
                           在 System.Runtime.Remoting.Messaging.StackBuilderSink.SyncProcessMessage(IMessage msg, Int32 methodPtr, Boolean fExecuteInContext)
                        
                        Exception rethrown at [0]: 
                           在 System.Runtime.Remoting.Proxies.RealProxy.HandleReturnMessage(IMessage reqMsg, IMessage retMsg)
                           在 System.Runtime.Remoting.Proxies.RealProxy.PrivateInvoke(MessageData& msgData, Int32 type)
                           在 SqlDependencyProcessDispatcher.StartWithDefault(String connectionString, String& server, DbConnectionPoolIdentity& identity, String& user, String& database, String& service, String appDomainKey, SqlDependencyPerAppDomainDispatcher dispatcher, Boolean& errorOccurred, Boolean& appDomainStart)
                           在 System.Data.SqlClient.SqlDependency.Start(String connectionString, String queue, Boolean useDefaults)
                           在 System.Data.SqlClient.SqlDependency.Start(String connectionString)
                           在 DBAccess.DataBase.AddSqlDependency(String cacheKey, String strSql, IDictionary`2 parameters) 位置 E:\3_ASP\Aiyang_cs\DBAccess2.0\DBAccess\DataBase.cs:行号 43
--------------------------------------------------

2017/11/3 8:59:18：Path              = /User/index.aspx
Time              = 2017-11-03 08:59:18
ClientIP          = ::1
Type              = System.InvalidOperationException, mscorlib, Version=2.0.0.0, Culture=neutral, PublicKeyToken=b77a5c561934e089
Message           = 未启用当前数据库的 SQL Server Service Broker，因此查询通知不受支持。如果希望使用通知，请为此数据库启用 Service Broker。
Source            = System.Data
HelpLink          = 
ReflectionInfo    = Data : System.Collections.ListDictionaryInternal
                        TargetSite : Void .ctor(SqlConnectionContainerHashHelper, System.String, Boolean)
                        
StackTrace        = 
                        Server stack trace: 
                           在 SqlDependencyProcessDispatcher.SqlConnectionContainer..ctor(SqlConnectionContainerHashHelper hashHelper, String appDomainKey, Boolean useDefaults)
                           在 SqlDependencyProcessDispatcher.Start(String connectionString, String& server, DbConnectionPoolIdentity& identity, String& user, String& database, String& queueService, String appDomainKey, SqlDependencyPerAppDomainDispatcher dispatcher, Boolean& errorOccurred, Boolean& appDomainStart, Boolean useDefaults)
                           在 SqlDependencyProcessDispatcher.StartWithDefault(String connectionString, String& server, DbConnectionPoolIdentity& identity, String& user, String& database, String& service, String appDomainKey, SqlDependencyPerAppDomainDispatcher dispatcher, Boolean& errorOccurred, Boolean& appDomainStart)
                           在 System.Runtime.Remoting.Messaging.StackBuilderSink._PrivateProcessMessage(IntPtr md, Object[] args, Object server, Int32 methodPtr, Boolean fExecuteInContext, Object[]& outArgs)
                           在 System.Runtime.Remoting.Messaging.StackBuilderSink.PrivateProcessMessage(RuntimeMethodHandle md, Object[] args, Object server, Int32 methodPtr, Boolean fExecuteInContext, Object[]& outArgs)
                           在 System.Runtime.Remoting.Messaging.StackBuilderSink.SyncProcessMessage(IMessage msg, Int32 methodPtr, Boolean fExecuteInContext)
                        
                        Exception rethrown at [0]: 
                           在 System.Runtime.Remoting.Proxies.RealProxy.HandleReturnMessage(IMessage reqMsg, IMessage retMsg)
                           在 System.Runtime.Remoting.Proxies.RealProxy.PrivateInvoke(MessageData& msgData, Int32 type)
                           在 SqlDependencyProcessDispatcher.StartWithDefault(String connectionString, String& server, DbConnectionPoolIdentity& identity, String& user, String& database, String& service, String appDomainKey, SqlDependencyPerAppDomainDispatcher dispatcher, Boolean& errorOccurred, Boolean& appDomainStart)
                           在 System.Data.SqlClient.SqlDependency.Start(String connectionString, String queue, Boolean useDefaults)
                           在 System.Data.SqlClient.SqlDependency.Start(String connectionString)
                           在 DBAccess.DataBase.AddSqlDependency(String cacheKey, String strSql, IDictionary`2 parameters) 位置 E:\3_ASP\Aiyang_cs\DBAccess2.0\DBAccess\DataBase.cs:行号 43
--------------------------------------------------

2017/11/3 9:48:07：Path              = /admin9876/User/UserEdit.aspx?ID=86000015
Time              = 2017-11-03 09:48:07
ClientIP          = ::1
Type              = System.InvalidOperationException, mscorlib, Version=2.0.0.0, Culture=neutral, PublicKeyToken=b77a5c561934e089
Message           = 未启用当前数据库的 SQL Server Service Broker，因此查询通知不受支持。如果希望使用通知，请为此数据库启用 Service Broker。
Source            = System.Data
HelpLink          = 
ReflectionInfo    = Data : System.Collections.ListDictionaryInternal
                        TargetSite : Void .ctor(SqlConnectionContainerHashHelper, System.String, Boolean)
                        
StackTrace        = 
                        Server stack trace: 
                           在 SqlDependencyProcessDispatcher.SqlConnectionContainer..ctor(SqlConnectionContainerHashHelper hashHelper, String appDomainKey, Boolean useDefaults)
                           在 SqlDependencyProcessDispatcher.Start(String connectionString, String& server, DbConnectionPoolIdentity& identity, String& user, String& database, String& queueService, String appDomainKey, SqlDependencyPerAppDomainDispatcher dispatcher, Boolean& errorOccurred, Boolean& appDomainStart, Boolean useDefaults)
                           在 SqlDependencyProcessDispatcher.StartWithDefault(String connectionString, String& server, DbConnectionPoolIdentity& identity, String& user, String& database, String& service, String appDomainKey, SqlDependencyPerAppDomainDispatcher dispatcher, Boolean& errorOccurred, Boolean& appDomainStart)
                           在 System.Runtime.Remoting.Messaging.StackBuilderSink._PrivateProcessMessage(IntPtr md, Object[] args, Object server, Int32 methodPtr, Boolean fExecuteInContext, Object[]& outArgs)
                           在 System.Runtime.Remoting.Messaging.StackBuilderSink.PrivateProcessMessage(RuntimeMethodHandle md, Object[] args, Object server, Int32 methodPtr, Boolean fExecuteInContext, Object[]& outArgs)
                           在 System.Runtime.Remoting.Messaging.StackBuilderSink.SyncProcessMessage(IMessage msg, Int32 methodPtr, Boolean fExecuteInContext)
                        
                        Exception rethrown at [0]: 
                           在 System.Runtime.Remoting.Proxies.RealProxy.HandleReturnMessage(IMessage reqMsg, IMessage retMsg)
                           在 System.Runtime.Remoting.Proxies.RealProxy.PrivateInvoke(MessageData& msgData, Int32 type)
                           在 SqlDependencyProcessDispatcher.StartWithDefault(String connectionString, String& server, DbConnectionPoolIdentity& identity, String& user, String& database, String& service, String appDomainKey, SqlDependencyPerAppDomainDispatcher dispatcher, Boolean& errorOccurred, Boolean& appDomainStart)
                           在 System.Data.SqlClient.SqlDependency.Start(String connectionString, String queue, Boolean useDefaults)
                           在 System.Data.SqlClient.SqlDependency.Start(String connectionString)
                           在 DBAccess.DataBase.AddSqlDependency(String cacheKey, String strSql, IDictionary`2 parameters) 位置 E:\3_ASP\Aiyang_cs\DBAccess2.0\DBAccess\DataBase.cs:行号 43
--------------------------------------------------

2017/11/3 10:01:43：Path              = /admin9876/User/UserChannel.aspx?ID=86000053
Time              = 2017-11-03 10:01:43
ClientIP          = ::1
Type              = System.InvalidOperationException, mscorlib, Version=2.0.0.0, Culture=neutral, PublicKeyToken=b77a5c561934e089
Message           = 未启用当前数据库的 SQL Server Service Broker，因此查询通知不受支持。如果希望使用通知，请为此数据库启用 Service Broker。
Source            = System.Data
HelpLink          = 
ReflectionInfo    = Data : System.Collections.ListDictionaryInternal
                        TargetSite : Void .ctor(SqlConnectionContainerHashHelper, System.String, Boolean)
                        
StackTrace        = 
                        Server stack trace: 
                           在 SqlDependencyProcessDispatcher.SqlConnectionContainer..ctor(SqlConnectionContainerHashHelper hashHelper, String appDomainKey, Boolean useDefaults)
                           在 SqlDependencyProcessDispatcher.Start(String connectionString, String& server, DbConnectionPoolIdentity& identity, String& user, String& database, String& queueService, String appDomainKey, SqlDependencyPerAppDomainDispatcher dispatcher, Boolean& errorOccurred, Boolean& appDomainStart, Boolean useDefaults)
                           在 SqlDependencyProcessDispatcher.StartWithDefault(String connectionString, String& server, DbConnectionPoolIdentity& identity, String& user, String& database, String& service, String appDomainKey, SqlDependencyPerAppDomainDispatcher dispatcher, Boolean& errorOccurred, Boolean& appDomainStart)
                           在 System.Runtime.Remoting.Messaging.StackBuilderSink._PrivateProcessMessage(IntPtr md, Object[] args, Object server, Int32 methodPtr, Boolean fExecuteInContext, Object[]& outArgs)
                           在 System.Runtime.Remoting.Messaging.StackBuilderSink.PrivateProcessMessage(RuntimeMethodHandle md, Object[] args, Object server, Int32 methodPtr, Boolean fExecuteInContext, Object[]& outArgs)
                           在 System.Runtime.Remoting.Messaging.StackBuilderSink.SyncProcessMessage(IMessage msg, Int32 methodPtr, Boolean fExecuteInContext)
                        
                        Exception rethrown at [0]: 
                           在 System.Runtime.Remoting.Proxies.RealProxy.HandleReturnMessage(IMessage reqMsg, IMessage retMsg)
                           在 System.Runtime.Remoting.Proxies.RealProxy.PrivateInvoke(MessageData& msgData, Int32 type)
                           在 SqlDependencyProcessDispatcher.StartWithDefault(String connectionString, String& server, DbConnectionPoolIdentity& identity, String& user, String& database, String& service, String appDomainKey, SqlDependencyPerAppDomainDispatcher dispatcher, Boolean& errorOccurred, Boolean& appDomainStart)
                           在 System.Data.SqlClient.SqlDependency.Start(String connectionString, String queue, Boolean useDefaults)
                           在 System.Data.SqlClient.SqlDependency.Start(String connectionString)
                           在 DBAccess.DataBase.AddSqlDependency(String cacheKey, String strSql, IDictionary`2 parameters) 位置 E:\3_ASP\Aiyang_cs\DBAccess2.0\DBAccess\DataBase.cs:行号 43
--------------------------------------------------

2017/11/3 10:10:55：Path              = /admin9876/Withdraw/Pay.aspx?action=pay&ID=5932
Time              = 2017-11-03 10:10:55
ClientIP          = ::1
Type              = System.InvalidOperationException, mscorlib, Version=2.0.0.0, Culture=neutral, PublicKeyToken=b77a5c561934e089
Message           = 未启用当前数据库的 SQL Server Service Broker，因此查询通知不受支持。如果希望使用通知，请为此数据库启用 Service Broker。
Source            = System.Data
HelpLink          = 
ReflectionInfo    = Data : System.Collections.ListDictionaryInternal
                        TargetSite : Void .ctor(SqlConnectionContainerHashHelper, System.String, Boolean)
                        
StackTrace        = 
                        Server stack trace: 
                           在 SqlDependencyProcessDispatcher.SqlConnectionContainer..ctor(SqlConnectionContainerHashHelper hashHelper, String appDomainKey, Boolean useDefaults)
                           在 SqlDependencyProcessDispatcher.Start(String connectionString, String& server, DbConnectionPoolIdentity& identity, String& user, String& database, String& queueService, String appDomainKey, SqlDependencyPerAppDomainDispatcher dispatcher, Boolean& errorOccurred, Boolean& appDomainStart, Boolean useDefaults)
                           在 SqlDependencyProcessDispatcher.StartWithDefault(String connectionString, String& server, DbConnectionPoolIdentity& identity, String& user, String& database, String& service, String appDomainKey, SqlDependencyPerAppDomainDispatcher dispatcher, Boolean& errorOccurred, Boolean& appDomainStart)
                           在 System.Runtime.Remoting.Messaging.StackBuilderSink._PrivateProcessMessage(IntPtr md, Object[] args, Object server, Int32 methodPtr, Boolean fExecuteInContext, Object[]& outArgs)
                           在 System.Runtime.Remoting.Messaging.StackBuilderSink.PrivateProcessMessage(RuntimeMethodHandle md, Object[] args, Object server, Int32 methodPtr, Boolean fExecuteInContext, Object[]& outArgs)
                           在 System.Runtime.Remoting.Messaging.StackBuilderSink.SyncProcessMessage(IMessage msg, Int32 methodPtr, Boolean fExecuteInContext)
                        
                        Exception rethrown at [0]: 
                           在 System.Runtime.Remoting.Proxies.RealProxy.HandleReturnMessage(IMessage reqMsg, IMessage retMsg)
                           在 System.Runtime.Remoting.Proxies.RealProxy.PrivateInvoke(MessageData& msgData, Int32 type)
                           在 SqlDependencyProcessDispatcher.StartWithDefault(String connectionString, String& server, DbConnectionPoolIdentity& identity, String& user, String& database, String& service, String appDomainKey, SqlDependencyPerAppDomainDispatcher dispatcher, Boolean& errorOccurred, Boolean& appDomainStart)
                           在 System.Data.SqlClient.SqlDependency.Start(String connectionString, String queue, Boolean useDefaults)
                           在 System.Data.SqlClient.SqlDependency.Start(String connectionString)
                           在 DBAccess.DataBase.AddSqlDependency(String cacheKey, String strSql, IDictionary`2 parameters) 位置 E:\3_ASP\Aiyang_cs\DBAccess2.0\DBAccess\DataBase.cs:行号 43
--------------------------------------------------

2017/11/3 10:58:44：Path              = /User/index.aspx
Time              = 2017-11-03 10:58:44
ClientIP          = ::1
Type              = System.InvalidOperationException, mscorlib, Version=2.0.0.0, Culture=neutral, PublicKeyToken=b77a5c561934e089
Message           = 未启用当前数据库的 SQL Server Service Broker，因此查询通知不受支持。如果希望使用通知，请为此数据库启用 Service Broker。
Source            = System.Data
HelpLink          = 
ReflectionInfo    = Data : System.Collections.ListDictionaryInternal
                        TargetSite : Void .ctor(SqlConnectionContainerHashHelper, System.String, Boolean)
                        
StackTrace        = 
                        Server stack trace: 
                           在 SqlDependencyProcessDispatcher.SqlConnectionContainer..ctor(SqlConnectionContainerHashHelper hashHelper, String appDomainKey, Boolean useDefaults)
                           在 SqlDependencyProcessDispatcher.Start(String connectionString, String& server, DbConnectionPoolIdentity& identity, String& user, String& database, String& queueService, String appDomainKey, SqlDependencyPerAppDomainDispatcher dispatcher, Boolean& errorOccurred, Boolean& appDomainStart, Boolean useDefaults)
                           在 SqlDependencyProcessDispatcher.StartWithDefault(String connectionString, String& server, DbConnectionPoolIdentity& identity, String& user, String& database, String& service, String appDomainKey, SqlDependencyPerAppDomainDispatcher dispatcher, Boolean& errorOccurred, Boolean& appDomainStart)
                           在 System.Runtime.Remoting.Messaging.StackBuilderSink._PrivateProcessMessage(IntPtr md, Object[] args, Object server, Int32 methodPtr, Boolean fExecuteInContext, Object[]& outArgs)
                           在 System.Runtime.Remoting.Messaging.StackBuilderSink.PrivateProcessMessage(RuntimeMethodHandle md, Object[] args, Object server, Int32 methodPtr, Boolean fExecuteInContext, Object[]& outArgs)
                           在 System.Runtime.Remoting.Messaging.StackBuilderSink.SyncProcessMessage(IMessage msg, Int32 methodPtr, Boolean fExecuteInContext)
                        
                        Exception rethrown at [0]: 
                           在 System.Runtime.Remoting.Proxies.RealProxy.HandleReturnMessage(IMessage reqMsg, IMessage retMsg)
                           在 System.Runtime.Remoting.Proxies.RealProxy.PrivateInvoke(MessageData& msgData, Int32 type)
                           在 SqlDependencyProcessDispatcher.StartWithDefault(String connectionString, String& server, DbConnectionPoolIdentity& identity, String& user, String& database, String& service, String appDomainKey, SqlDependencyPerAppDomainDispatcher dispatcher, Boolean& errorOccurred, Boolean& appDomainStart)
                           在 System.Data.SqlClient.SqlDependency.Start(String connectionString, String queue, Boolean useDefaults)
                           在 System.Data.SqlClient.SqlDependency.Start(String connectionString)
                           在 DBAccess.DataBase.AddSqlDependency(String cacheKey, String strSql, IDictionary`2 parameters) 位置 E:\3_ASP\Aiyang_cs\DBAccess2.0\DBAccess\DataBase.cs:行号 43
--------------------------------------------------

2017/11/3 10:58:44：Path              = /User/index.aspx
Time              = 2017-11-03 10:58:44
ClientIP          = ::1
Type              = System.InvalidOperationException, mscorlib, Version=2.0.0.0, Culture=neutral, PublicKeyToken=b77a5c561934e089
Message           = 未启用当前数据库的 SQL Server Service Broker，因此查询通知不受支持。如果希望使用通知，请为此数据库启用 Service Broker。
Source            = System.Data
HelpLink          = 
ReflectionInfo    = Data : System.Collections.ListDictionaryInternal
                        TargetSite : Void .ctor(SqlConnectionContainerHashHelper, System.String, Boolean)
                        
StackTrace        = 
                        Server stack trace: 
                           在 SqlDependencyProcessDispatcher.SqlConnectionContainer..ctor(SqlConnectionContainerHashHelper hashHelper, String appDomainKey, Boolean useDefaults)
                           在 SqlDependencyProcessDispatcher.Start(String connectionString, String& server, DbConnectionPoolIdentity& identity, String& user, String& database, String& queueService, String appDomainKey, SqlDependencyPerAppDomainDispatcher dispatcher, Boolean& errorOccurred, Boolean& appDomainStart, Boolean useDefaults)
                           在 SqlDependencyProcessDispatcher.StartWithDefault(String connectionString, String& server, DbConnectionPoolIdentity& identity, String& user, String& database, String& service, String appDomainKey, SqlDependencyPerAppDomainDispatcher dispatcher, Boolean& errorOccurred, Boolean& appDomainStart)
                           在 System.Runtime.Remoting.Messaging.StackBuilderSink._PrivateProcessMessage(IntPtr md, Object[] args, Object server, Int32 methodPtr, Boolean fExecuteInContext, Object[]& outArgs)
                           在 System.Runtime.Remoting.Messaging.StackBuilderSink.PrivateProcessMessage(RuntimeMethodHandle md, Object[] args, Object server, Int32 methodPtr, Boolean fExecuteInContext, Object[]& outArgs)
                           在 System.Runtime.Remoting.Messaging.StackBuilderSink.SyncProcessMessage(IMessage msg, Int32 methodPtr, Boolean fExecuteInContext)
                        
                        Exception rethrown at [0]: 
                           在 System.Runtime.Remoting.Proxies.RealProxy.HandleReturnMessage(IMessage reqMsg, IMessage retMsg)
                           在 System.Runtime.Remoting.Proxies.RealProxy.PrivateInvoke(MessageData& msgData, Int32 type)
                           在 SqlDependencyProcessDispatcher.StartWithDefault(String connectionString, String& server, DbConnectionPoolIdentity& identity, String& user, String& database, String& service, String appDomainKey, SqlDependencyPerAppDomainDispatcher dispatcher, Boolean& errorOccurred, Boolean& appDomainStart)
                           在 System.Data.SqlClient.SqlDependency.Start(String connectionString, String queue, Boolean useDefaults)
                           在 System.Data.SqlClient.SqlDependency.Start(String connectionString)
                           在 DBAccess.DataBase.AddSqlDependency(String cacheKey, String strSql, IDictionary`2 parameters) 位置 E:\3_ASP\Aiyang_cs\DBAccess2.0\DBAccess\DataBase.cs:行号 43
--------------------------------------------------

2017/11/3 12:45:59：Path              = /user/message/index.aspx
Time              = 2017-11-03 12:45:59
ClientIP          = ::1
Type              = System.InvalidOperationException, mscorlib, Version=2.0.0.0, Culture=neutral, PublicKeyToken=b77a5c561934e089
Message           = 未启用当前数据库的 SQL Server Service Broker，因此查询通知不受支持。如果希望使用通知，请为此数据库启用 Service Broker。
Source            = System.Data
HelpLink          = 
ReflectionInfo    = Data : System.Collections.ListDictionaryInternal
                        TargetSite : Void .ctor(SqlConnectionContainerHashHelper, System.String, Boolean)
                        
StackTrace        = 
                        Server stack trace: 
                           在 SqlDependencyProcessDispatcher.SqlConnectionContainer..ctor(SqlConnectionContainerHashHelper hashHelper, String appDomainKey, Boolean useDefaults)
                           在 SqlDependencyProcessDispatcher.Start(String connectionString, String& server, DbConnectionPoolIdentity& identity, String& user, String& database, String& queueService, String appDomainKey, SqlDependencyPerAppDomainDispatcher dispatcher, Boolean& errorOccurred, Boolean& appDomainStart, Boolean useDefaults)
                           在 SqlDependencyProcessDispatcher.StartWithDefault(String connectionString, String& server, DbConnectionPoolIdentity& identity, String& user, String& database, String& service, String appDomainKey, SqlDependencyPerAppDomainDispatcher dispatcher, Boolean& errorOccurred, Boolean& appDomainStart)
                           在 System.Runtime.Remoting.Messaging.StackBuilderSink._PrivateProcessMessage(IntPtr md, Object[] args, Object server, Int32 methodPtr, Boolean fExecuteInContext, Object[]& outArgs)
                           在 System.Runtime.Remoting.Messaging.StackBuilderSink.PrivateProcessMessage(RuntimeMethodHandle md, Object[] args, Object server, Int32 methodPtr, Boolean fExecuteInContext, Object[]& outArgs)
                           在 System.Runtime.Remoting.Messaging.StackBuilderSink.SyncProcessMessage(IMessage msg, Int32 methodPtr, Boolean fExecuteInContext)
                        
                        Exception rethrown at [0]: 
                           在 System.Runtime.Remoting.Proxies.RealProxy.HandleReturnMessage(IMessage reqMsg, IMessage retMsg)
                           在 System.Runtime.Remoting.Proxies.RealProxy.PrivateInvoke(MessageData& msgData, Int32 type)
                           在 SqlDependencyProcessDispatcher.StartWithDefault(String connectionString, String& server, DbConnectionPoolIdentity& identity, String& user, String& database, String& service, String appDomainKey, SqlDependencyPerAppDomainDispatcher dispatcher, Boolean& errorOccurred, Boolean& appDomainStart)
                           在 System.Data.SqlClient.SqlDependency.Start(String connectionString, String queue, Boolean useDefaults)
                           在 System.Data.SqlClient.SqlDependency.Start(String connectionString)
                           在 DBAccess.DataBase.AddSqlDependency(String cacheKey, String strSql, IDictionary`2 parameters) 位置 E:\3_ASP\Aiyang_cs\DBAccess2.0\DBAccess\DataBase.cs:行号 43
--------------------------------------------------

2017/11/3 12:45:59：Path              = /user/message/index.aspx
Time              = 2017-11-03 12:45:59
ClientIP          = ::1
Type              = System.InvalidOperationException, mscorlib, Version=2.0.0.0, Culture=neutral, PublicKeyToken=b77a5c561934e089
Message           = 未启用当前数据库的 SQL Server Service Broker，因此查询通知不受支持。如果希望使用通知，请为此数据库启用 Service Broker。
Source            = System.Data
HelpLink          = 
ReflectionInfo    = Data : System.Collections.ListDictionaryInternal
                        TargetSite : Void .ctor(SqlConnectionContainerHashHelper, System.String, Boolean)
                        
StackTrace        = 
                        Server stack trace: 
                           在 SqlDependencyProcessDispatcher.SqlConnectionContainer..ctor(SqlConnectionContainerHashHelper hashHelper, String appDomainKey, Boolean useDefaults)
                           在 SqlDependencyProcessDispatcher.Start(String connectionString, String& server, DbConnectionPoolIdentity& identity, String& user, String& database, String& queueService, String appDomainKey, SqlDependencyPerAppDomainDispatcher dispatcher, Boolean& errorOccurred, Boolean& appDomainStart, Boolean useDefaults)
                           在 SqlDependencyProcessDispatcher.StartWithDefault(String connectionString, String& server, DbConnectionPoolIdentity& identity, String& user, String& database, String& service, String appDomainKey, SqlDependencyPerAppDomainDispatcher dispatcher, Boolean& errorOccurred, Boolean& appDomainStart)
                           在 System.Runtime.Remoting.Messaging.StackBuilderSink._PrivateProcessMessage(IntPtr md, Object[] args, Object server, Int32 methodPtr, Boolean fExecuteInContext, Object[]& outArgs)
                           在 System.Runtime.Remoting.Messaging.StackBuilderSink.PrivateProcessMessage(RuntimeMethodHandle md, Object[] args, Object server, Int32 methodPtr, Boolean fExecuteInContext, Object[]& outArgs)
                           在 System.Runtime.Remoting.Messaging.StackBuilderSink.SyncProcessMessage(IMessage msg, Int32 methodPtr, Boolean fExecuteInContext)
                        
                        Exception rethrown at [0]: 
                           在 System.Runtime.Remoting.Proxies.RealProxy.HandleReturnMessage(IMessage reqMsg, IMessage retMsg)
                           在 System.Runtime.Remoting.Proxies.RealProxy.PrivateInvoke(MessageData& msgData, Int32 type)
                           在 SqlDependencyProcessDispatcher.StartWithDefault(String connectionString, String& server, DbConnectionPoolIdentity& identity, String& user, String& database, String& service, String appDomainKey, SqlDependencyPerAppDomainDispatcher dispatcher, Boolean& errorOccurred, Boolean& appDomainStart)
                           在 System.Data.SqlClient.SqlDependency.Start(String connectionString, String queue, Boolean useDefaults)
                           在 System.Data.SqlClient.SqlDependency.Start(String connectionString)
                           在 DBAccess.DataBase.AddSqlDependency(String cacheKey, String strSql, IDictionary`2 parameters) 位置 E:\3_ASP\Aiyang_cs\DBAccess2.0\DBAccess\DataBase.cs:行号 43
--------------------------------------------------

2017/11/3 20:08:19：Path              = /admin9876/tools/Alarm.aspx
Time              = 2017-11-03 20:08:18
ClientIP          = ::1
Type              = System.Web.HttpUnhandledException, System.Web, Version=2.0.0.0, Culture=neutral, PublicKeyToken=b03f5f7f11d50a3a
Message           = 引发类型为“System.Web.HttpUnhandledException”的异常。
Source            = System.Web
HelpLink          = 
ReflectionInfo    = ErrorCode : -2147467259
                        Data : System.Collections.ListDictionaryInternal
                        TargetSite : Boolean HandleError(System.Exception)
                        
StackTrace        =    在 System.Web.UI.Page.HandleError(Exception e)
                           在 System.Web.UI.Page.ProcessRequestMain(Boolean includeStagesBeforeAsyncPoint, Boolean includeStagesAfterAsyncPoint)
                           在 System.Web.UI.Page.ProcessRequest(Boolean includeStagesBeforeAsyncPoint, Boolean includeStagesAfterAsyncPoint)
                           在 System.Web.UI.Page.ProcessRequest()
                           在 System.Web.UI.Page.ProcessRequestWithNoAssert(HttpContext context)
                           在 System.Web.UI.Page.ProcessRequest(HttpContext context)
                           在 ASP.admin9876_tools_alarm_aspx.ProcessRequest(HttpContext context) 位置 c:\Windows\Microsoft.NET\Framework\v2.0.50727\Temporary ASP.NET Files\root\2c698c89\32fb458\App_Web_epj8lxvl.0.cs:行号 0
                           在 System.Web.HttpApplication.CallHandlerExecutionStep.System.Web.HttpApplication.IExecutionStep.Execute()
                           在 System.Web.HttpApplication.ExecuteStep(IExecutionStep step, Boolean& completedSynchronously)
--------------------------------------------------

2017/11/3 20:08:19：Path              = /admin9876/tools/Alarm.aspx
Time              = 2017-11-03 20:08:19
ClientIP          = ::1
Type              = System.Data.SqlClient.SqlException, System.Data, Version=2.0.0.0, Culture=neutral, PublicKeyToken=b77a5c561934e089
Message           = 在从服务器接收结果时发生传输级错误。 (provider: TCP 提供程序, error: 0 - 信号灯超时时间已到)
Source            = .Net SqlClient Data Provider
HelpLink          = 
ReflectionInfo    = Errors : System.Data.SqlClient.SqlErrorCollection
                        Class : 20
                        LineNumber : 0
                        Number : 121
                        Procedure : 
                        Server : 122.114.48.145,1566
                        State : 0
                        ErrorCode : -2146232060
                        Data : System.Collections.ListDictionaryInternal
                        TargetSite : Void OnError(System.Data.SqlClient.SqlException, Boolean)
                        
StackTrace        =    在 System.Data.SqlClient.SqlConnection.OnError(SqlException exception, Boolean breakConnection)
                           在 System.Data.SqlClient.SqlInternalConnection.OnError(SqlException exception, Boolean breakConnection)
                           在 System.Data.SqlClient.TdsParser.ThrowExceptionAndWarning(TdsParserStateObject stateObj)
                           在 System.Data.SqlClient.TdsParserStateObject.ReadSniError(TdsParserStateObject stateObj, UInt32 error)
                           在 System.Data.SqlClient.TdsParserStateObject.ReadSni(DbAsyncResult asyncResult, TdsParserStateObject stateObj)
                           在 System.Data.SqlClient.TdsParserStateObject.ReadNetworkPacket()
                           在 System.Data.SqlClient.TdsParserStateObject.ReadBuffer()
                           在 System.Data.SqlClient.TdsParserStateObject.ReadByte()
                           在 System.Data.SqlClient.TdsParser.Run(RunBehavior runBehavior, SqlCommand cmdHandler, SqlDataReader dataStream, BulkCopySimpleResultSet bulkCopyHandler, TdsParserStateObject stateObj)
                           在 System.Data.SqlClient.SqlDataReader.ConsumeMetaData()
                           在 System.Data.SqlClient.SqlDataReader.get_MetaData()
                           在 System.Data.SqlClient.SqlCommand.FinishExecuteReader(SqlDataReader ds, RunBehavior runBehavior, String resetOptionsString)
                           在 System.Data.SqlClient.SqlCommand.RunExecuteReaderTds(CommandBehavior cmdBehavior, RunBehavior runBehavior, Boolean returnStream, Boolean async)
                           在 System.Data.SqlClient.SqlCommand.RunExecuteReader(CommandBehavior cmdBehavior, RunBehavior runBehavior, Boolean returnStream, String method, DbAsyncResult result)
                           在 System.Data.SqlClient.SqlCommand.RunExecuteReader(CommandBehavior cmdBehavior, RunBehavior runBehavior, Boolean returnStream, String method)
                           在 System.Data.SqlClient.SqlCommand.ExecuteReader(CommandBehavior behavior, String method)
                           在 System.Data.SqlClient.SqlCommand.ExecuteDbDataReader(CommandBehavior behavior)
                           在 System.Data.Common.DbCommand.System.Data.IDbCommand.ExecuteReader(CommandBehavior behavior)
                           在 System.Data.Common.DbDataAdapter.FillInternal(DataSet dataset, DataTable[] datatables, Int32 startRecord, Int32 maxRecords, String srcTable, IDbCommand command, CommandBehavior behavior)
                           在 System.Data.Common.DbDataAdapter.Fill(DataSet dataSet, Int32 startRecord, Int32 maxRecords, String srcTable, IDbCommand command, CommandBehavior behavior)
                           在 System.Data.Common.DbDataAdapter.Fill(DataSet dataSet)
                           在 DBAccess.DataBase.ExecuteDataset(SqlConnection connection, CommandType commandType, String commandText, SqlParameter[] commandParameters) 位置 E:\3_ASP\Aiyang_cs\DBAccess2.0\DBAccess\DataBase.cs:行号 304
                           在 DBAccess.DataBase.ExecuteDataset(String connectionString, CommandType commandType, String commandText, SqlParameter[] commandParameters) 位置 E:\3_ASP\Aiyang_cs\DBAccess2.0\DBAccess\DataBase.cs:行号 345
                           在 DBAccess.DataBase.ExecuteDataset(CommandType commandType, String commandText, SqlParameter[] commandParameters) 位置 E:\3_ASP\Aiyang_cs\DBAccess2.0\DBAccess\DataBase.cs:行号 213
                           在 KuaiCard.BLL.ManageFactory.GetModel(Int32 id) 位置 E:\3_ASP\Aiyang_cs\KuaiCard.BLL2.0\KuaiCard\BLL\ManageFactory.cs:行号 285
                           在 KuaiCard.BLL.ManageFactory.get_CurrentManage() 位置 E:\3_ASP\Aiyang_cs\KuaiCard.BLL2.0\KuaiCard\BLL\ManageFactory.cs:行号 493
                           在 KuaiCard.WebComponents.Web.ManagePageBase.get_currentManage() 位置 E:\3_ASP\Aiyang_cs\KuaiCard.WebComponents2.0\KuaiCard\WebComponents\Web\ManagePageBase.cs:行号 80
                           在 KuaiCard.WebComponents.Web.ManagePageBase.get_IsLogin() 位置 E:\3_ASP\Aiyang_cs\KuaiCard.WebComponents2.0\KuaiCard\WebComponents\Web\ManagePageBase.cs:行号 90
                           在 KuaiCard.WebComponents.Web.ManagePageBase.checkLogin() 位置 E:\3_ASP\Aiyang_cs\KuaiCard.WebComponents2.0\KuaiCard\WebComponents\Web\ManagePageBase.cs:行号 28
                           在 KuaiCard.WebComponents.Web.ManagePageBase.OnInit(EventArgs e) 位置 E:\3_ASP\Aiyang_cs\KuaiCard.WebComponents2.0\KuaiCard\WebComponents\Web\ManagePageBase.cs:行号 55
                           在 System.Web.UI.Control.InitRecursive(Control namingContainer)
                           在 System.Web.UI.Page.ProcessRequestMain(Boolean includeStagesBeforeAsyncPoint, Boolean includeStagesAfterAsyncPoint)
