--------------------------------------------------

2017/11/4 0:11:32：Path              = /admin9876/tools/Alarm.aspx
Time              = 2017-11-04 00:11:31
ClientIP          = ::1
Type              = System.Data.SqlClient.SqlException, System.Data, Version=2.0.0.0, Culture=neutral, PublicKeyToken=b77a5c561934e089
Message           = 在从服务器接收结果时发生传输级错误。 (provider: TCP 提供程序, error: 0 - 信号灯超时时间已到)
Source            = .Net SqlClient Data Provider
HelpLink          = 
ReflectionInfo    = Errors : System.Data.SqlClient.SqlErrorCollection
                        Class : 20
                        LineNumber : 0
                        Number : 121
                        Procedure : 
                        Server : 122.114.48.145,1566
                        State : 0
                        ErrorCode : -2146232060
                        Data : System.Collections.ListDictionaryInternal
                        TargetSite : Void OnError(System.Data.SqlClient.SqlException, Boolean)
                        
StackTrace        =    在 System.Data.SqlClient.SqlConnection.OnError(SqlException exception, Boolean breakConnection)
                           在 System.Data.SqlClient.SqlInternalConnection.OnError(SqlException exception, Boolean breakConnection)
                           在 System.Data.SqlClient.TdsParser.ThrowExceptionAndWarning(TdsParserStateObject stateObj)
                           在 System.Data.SqlClient.TdsParserStateObject.ReadSniError(TdsParserStateObject stateObj, UInt32 error)
                           在 System.Data.SqlClient.TdsParserStateObject.ReadSni(DbAsyncResult asyncResult, TdsParserStateObject stateObj)
                           在 System.Data.SqlClient.TdsParserStateObject.ReadNetworkPacket()
                           在 System.Data.SqlClient.TdsParserStateObject.ReadBuffer()
                           在 System.Data.SqlClient.TdsParserStateObject.ReadByte()
                           在 System.Data.SqlClient.TdsParser.Run(RunBehavior runBehavior, SqlCommand cmdHandler, SqlDataReader dataStream, BulkCopySimpleResultSet bulkCopyHandler, TdsParserStateObject stateObj)
                           在 System.Data.SqlClient.SqlDataReader.ConsumeMetaData()
                           在 System.Data.SqlClient.SqlDataReader.get_MetaData()
                           在 System.Data.SqlClient.SqlCommand.FinishExecuteReader(SqlDataReader ds, RunBehavior runBehavior, String resetOptionsString)
                           在 System.Data.SqlClient.SqlCommand.RunExecuteReaderTds(CommandBehavior cmdBehavior, RunBehavior runBehavior, Boolean returnStream, Boolean async)
                           在 System.Data.SqlClient.SqlCommand.RunExecuteReader(CommandBehavior cmdBehavior, RunBehavior runBehavior, Boolean returnStream, String method, DbAsyncResult result)
                           在 System.Data.SqlClient.SqlCommand.RunExecuteReader(CommandBehavior cmdBehavior, RunBehavior runBehavior, Boolean returnStream, String method)
                           在 System.Data.SqlClient.SqlCommand.ExecuteScalar()
                           在 DBAccess.DataBase.ExecuteScalar(SqlConnection connection, CommandType commandType, String commandText, SqlParameter[] commandParameters) 位置 E:\3_ASP\Aiyang_cs\DBAccess2.0\DBAccess\DataBase.cs:行号 939
                           在 DBAccess.DataBase.ExecuteScalar(String connectionString, CommandType commandType, String commandText, SqlParameter[] commandParameters) 位置 E:\3_ASP\Aiyang_cs\DBAccess2.0\DBAccess\DataBase.cs:行号 975
                           在 DBAccess.DataBase.ExecuteScalar(CommandType commandType, String commandText, SqlParameter[] commandParameters) 位置 E:\3_ASP\Aiyang_cs\DBAccess2.0\DBAccess\DataBase.cs:行号 851
                           在 KuaiCard.BLL.ManageFactory.GetCurrent() 位置 E:\3_ASP\Aiyang_cs\KuaiCard.BLL2.0\KuaiCard\BLL\ManageFactory.cs:行号 154
--------------------------------------------------

2017/11/4 5:52:46：Path              = /admin9876/tools/Alarm.aspx
Time              = 2017-11-04 05:52:46
ClientIP          = ::1
Type              = System.Data.SqlClient.SqlException, System.Data, Version=2.0.0.0, Culture=neutral, PublicKeyToken=b77a5c561934e089
Message           = 在从服务器接收结果时发生传输级错误。 (provider: TCP 提供程序, error: 0 - 信号灯超时时间已到)
Source            = .Net SqlClient Data Provider
HelpLink          = 
ReflectionInfo    = Errors : System.Data.SqlClient.SqlErrorCollection
                        Class : 20
                        LineNumber : 0
                        Number : 121
                        Procedure : 
                        Server : 122.114.48.145,1566
                        State : 0
                        ErrorCode : -2146232060
                        Data : System.Collections.ListDictionaryInternal
                        TargetSite : Void OnError(System.Data.SqlClient.SqlException, Boolean)
                        
StackTrace        =    在 System.Data.SqlClient.SqlConnection.OnError(SqlException exception, Boolean breakConnection)
                           在 System.Data.SqlClient.SqlInternalConnection.OnError(SqlException exception, Boolean breakConnection)
                           在 System.Data.SqlClient.TdsParser.ThrowExceptionAndWarning(TdsParserStateObject stateObj)
                           在 System.Data.SqlClient.TdsParserStateObject.ReadSniError(TdsParserStateObject stateObj, UInt32 error)
                           在 System.Data.SqlClient.TdsParserStateObject.ReadSni(DbAsyncResult asyncResult, TdsParserStateObject stateObj)
                           在 System.Data.SqlClient.TdsParserStateObject.ReadNetworkPacket()
                           在 System.Data.SqlClient.TdsParserStateObject.ReadBuffer()
                           在 System.Data.SqlClient.TdsParserStateObject.ReadByte()
                           在 System.Data.SqlClient.TdsParser.Run(RunBehavior runBehavior, SqlCommand cmdHandler, SqlDataReader dataStream, BulkCopySimpleResultSet bulkCopyHandler, TdsParserStateObject stateObj)
                           在 System.Data.SqlClient.SqlDataReader.ConsumeMetaData()
                           在 System.Data.SqlClient.SqlDataReader.get_MetaData()
                           在 System.Data.SqlClient.SqlCommand.FinishExecuteReader(SqlDataReader ds, RunBehavior runBehavior, String resetOptionsString)
                           在 System.Data.SqlClient.SqlCommand.RunExecuteReaderTds(CommandBehavior cmdBehavior, RunBehavior runBehavior, Boolean returnStream, Boolean async)
                           在 System.Data.SqlClient.SqlCommand.RunExecuteReader(CommandBehavior cmdBehavior, RunBehavior runBehavior, Boolean returnStream, String method, DbAsyncResult result)
                           在 System.Data.SqlClient.SqlCommand.RunExecuteReader(CommandBehavior cmdBehavior, RunBehavior runBehavior, Boolean returnStream, String method)
                           在 System.Data.SqlClient.SqlCommand.ExecuteScalar()
                           在 DBAccess.DataBase.ExecuteScalar(SqlConnection connection, CommandType commandType, String commandText, SqlParameter[] commandParameters) 位置 E:\3_ASP\Aiyang_cs\DBAccess2.0\DBAccess\DataBase.cs:行号 939
                           在 DBAccess.DataBase.ExecuteScalar(String connectionString, CommandType commandType, String commandText, SqlParameter[] commandParameters) 位置 E:\3_ASP\Aiyang_cs\DBAccess2.0\DBAccess\DataBase.cs:行号 975
                           在 DBAccess.DataBase.ExecuteScalar(CommandType commandType, String commandText, SqlParameter[] commandParameters) 位置 E:\3_ASP\Aiyang_cs\DBAccess2.0\DBAccess\DataBase.cs:行号 851
                           在 KuaiCard.BLL.ManageFactory.GetCurrent() 位置 E:\3_ASP\Aiyang_cs\KuaiCard.BLL2.0\KuaiCard\BLL\ManageFactory.cs:行号 154
--------------------------------------------------

2017/11/4 9:01:53：Path              = /index.aspx
Time              = 2017-11-04 09:01:53
ClientIP          = ::1
Type              = System.InvalidOperationException, mscorlib, Version=2.0.0.0, Culture=neutral, PublicKeyToken=b77a5c561934e089
Message           = 未启用当前数据库的 SQL Server Service Broker，因此查询通知不受支持。如果希望使用通知，请为此数据库启用 Service Broker。
Source            = System.Data
HelpLink          = 
ReflectionInfo    = Data : System.Collections.ListDictionaryInternal
                        TargetSite : Void .ctor(SqlConnectionContainerHashHelper, System.String, Boolean)
                        
StackTrace        = 
                        Server stack trace: 
                           在 SqlDependencyProcessDispatcher.SqlConnectionContainer..ctor(SqlConnectionContainerHashHelper hashHelper, String appDomainKey, Boolean useDefaults)
                           在 SqlDependencyProcessDispatcher.Start(String connectionString, String& server, DbConnectionPoolIdentity& identity, String& user, String& database, String& queueService, String appDomainKey, SqlDependencyPerAppDomainDispatcher dispatcher, Boolean& errorOccurred, Boolean& appDomainStart, Boolean useDefaults)
                           在 SqlDependencyProcessDispatcher.StartWithDefault(String connectionString, String& server, DbConnectionPoolIdentity& identity, String& user, String& database, String& service, String appDomainKey, SqlDependencyPerAppDomainDispatcher dispatcher, Boolean& errorOccurred, Boolean& appDomainStart)
                           在 System.Runtime.Remoting.Messaging.StackBuilderSink._PrivateProcessMessage(IntPtr md, Object[] args, Object server, Int32 methodPtr, Boolean fExecuteInContext, Object[]& outArgs)
                           在 System.Runtime.Remoting.Messaging.StackBuilderSink.PrivateProcessMessage(RuntimeMethodHandle md, Object[] args, Object server, Int32 methodPtr, Boolean fExecuteInContext, Object[]& outArgs)
                           在 System.Runtime.Remoting.Messaging.StackBuilderSink.SyncProcessMessage(IMessage msg, Int32 methodPtr, Boolean fExecuteInContext)
                        
                        Exception rethrown at [0]: 
                           在 System.Runtime.Remoting.Proxies.RealProxy.HandleReturnMessage(IMessage reqMsg, IMessage retMsg)
                           在 System.Runtime.Remoting.Proxies.RealProxy.PrivateInvoke(MessageData& msgData, Int32 type)
                           在 SqlDependencyProcessDispatcher.StartWithDefault(String connectionString, String& server, DbConnectionPoolIdentity& identity, String& user, String& database, String& service, String appDomainKey, SqlDependencyPerAppDomainDispatcher dispatcher, Boolean& errorOccurred, Boolean& appDomainStart)
                           在 System.Data.SqlClient.SqlDependency.Start(String connectionString, String queue, Boolean useDefaults)
                           在 System.Data.SqlClient.SqlDependency.Start(String connectionString)
                           在 DBAccess.DataBase.AddSqlDependency(String cacheKey, String strSql, IDictionary`2 parameters) 位置 E:\3_ASP\Aiyang_cs\DBAccess2.0\DBAccess\DataBase.cs:行号 43
--------------------------------------------------

2017/11/4 9:01:59：Path              = /User/index.aspx
Time              = 2017-11-04 09:01:59
ClientIP          = ::1
Type              = System.InvalidOperationException, mscorlib, Version=2.0.0.0, Culture=neutral, PublicKeyToken=b77a5c561934e089
Message           = 未启用当前数据库的 SQL Server Service Broker，因此查询通知不受支持。如果希望使用通知，请为此数据库启用 Service Broker。
Source            = System.Data
HelpLink          = 
ReflectionInfo    = Data : System.Collections.ListDictionaryInternal
                        TargetSite : Void .ctor(SqlConnectionContainerHashHelper, System.String, Boolean)
                        
StackTrace        = 
                        Server stack trace: 
                           在 SqlDependencyProcessDispatcher.SqlConnectionContainer..ctor(SqlConnectionContainerHashHelper hashHelper, String appDomainKey, Boolean useDefaults)
                           在 SqlDependencyProcessDispatcher.Start(String connectionString, String& server, DbConnectionPoolIdentity& identity, String& user, String& database, String& queueService, String appDomainKey, SqlDependencyPerAppDomainDispatcher dispatcher, Boolean& errorOccurred, Boolean& appDomainStart, Boolean useDefaults)
                           在 SqlDependencyProcessDispatcher.StartWithDefault(String connectionString, String& server, DbConnectionPoolIdentity& identity, String& user, String& database, String& service, String appDomainKey, SqlDependencyPerAppDomainDispatcher dispatcher, Boolean& errorOccurred, Boolean& appDomainStart)
                           在 System.Runtime.Remoting.Messaging.StackBuilderSink._PrivateProcessMessage(IntPtr md, Object[] args, Object server, Int32 methodPtr, Boolean fExecuteInContext, Object[]& outArgs)
                           在 System.Runtime.Remoting.Messaging.StackBuilderSink.PrivateProcessMessage(RuntimeMethodHandle md, Object[] args, Object server, Int32 methodPtr, Boolean fExecuteInContext, Object[]& outArgs)
                           在 System.Runtime.Remoting.Messaging.StackBuilderSink.SyncProcessMessage(IMessage msg, Int32 methodPtr, Boolean fExecuteInContext)
                        
                        Exception rethrown at [0]: 
                           在 System.Runtime.Remoting.Proxies.RealProxy.HandleReturnMessage(IMessage reqMsg, IMessage retMsg)
                           在 System.Runtime.Remoting.Proxies.RealProxy.PrivateInvoke(MessageData& msgData, Int32 type)
                           在 SqlDependencyProcessDispatcher.StartWithDefault(String connectionString, String& server, DbConnectionPoolIdentity& identity, String& user, String& database, String& service, String appDomainKey, SqlDependencyPerAppDomainDispatcher dispatcher, Boolean& errorOccurred, Boolean& appDomainStart)
                           在 System.Data.SqlClient.SqlDependency.Start(String connectionString, String queue, Boolean useDefaults)
                           在 System.Data.SqlClient.SqlDependency.Start(String connectionString)
                           在 DBAccess.DataBase.AddSqlDependency(String cacheKey, String strSql, IDictionary`2 parameters) 位置 E:\3_ASP\Aiyang_cs\DBAccess2.0\DBAccess\DataBase.cs:行号 43
--------------------------------------------------

2017/11/4 9:01:59：Path              = /User/index.aspx
Time              = 2017-11-04 09:01:59
ClientIP          = ::1
Type              = System.InvalidOperationException, mscorlib, Version=2.0.0.0, Culture=neutral, PublicKeyToken=b77a5c561934e089
Message           = 未启用当前数据库的 SQL Server Service Broker，因此查询通知不受支持。如果希望使用通知，请为此数据库启用 Service Broker。
Source            = System.Data
HelpLink          = 
ReflectionInfo    = Data : System.Collections.ListDictionaryInternal
                        TargetSite : Void .ctor(SqlConnectionContainerHashHelper, System.String, Boolean)
                        
StackTrace        = 
                        Server stack trace: 
                           在 SqlDependencyProcessDispatcher.SqlConnectionContainer..ctor(SqlConnectionContainerHashHelper hashHelper, String appDomainKey, Boolean useDefaults)
                           在 SqlDependencyProcessDispatcher.Start(String connectionString, String& server, DbConnectionPoolIdentity& identity, String& user, String& database, String& queueService, String appDomainKey, SqlDependencyPerAppDomainDispatcher dispatcher, Boolean& errorOccurred, Boolean& appDomainStart, Boolean useDefaults)
                           在 SqlDependencyProcessDispatcher.StartWithDefault(String connectionString, String& server, DbConnectionPoolIdentity& identity, String& user, String& database, String& service, String appDomainKey, SqlDependencyPerAppDomainDispatcher dispatcher, Boolean& errorOccurred, Boolean& appDomainStart)
                           在 System.Runtime.Remoting.Messaging.StackBuilderSink._PrivateProcessMessage(IntPtr md, Object[] args, Object server, Int32 methodPtr, Boolean fExecuteInContext, Object[]& outArgs)
                           在 System.Runtime.Remoting.Messaging.StackBuilderSink.PrivateProcessMessage(RuntimeMethodHandle md, Object[] args, Object server, Int32 methodPtr, Boolean fExecuteInContext, Object[]& outArgs)
                           在 System.Runtime.Remoting.Messaging.StackBuilderSink.SyncProcessMessage(IMessage msg, Int32 methodPtr, Boolean fExecuteInContext)
                        
                        Exception rethrown at [0]: 
                           在 System.Runtime.Remoting.Proxies.RealProxy.HandleReturnMessage(IMessage reqMsg, IMessage retMsg)
                           在 System.Runtime.Remoting.Proxies.RealProxy.PrivateInvoke(MessageData& msgData, Int32 type)
                           在 SqlDependencyProcessDispatcher.StartWithDefault(String connectionString, String& server, DbConnectionPoolIdentity& identity, String& user, String& database, String& service, String appDomainKey, SqlDependencyPerAppDomainDispatcher dispatcher, Boolean& errorOccurred, Boolean& appDomainStart)
                           在 System.Data.SqlClient.SqlDependency.Start(String connectionString, String queue, Boolean useDefaults)
                           在 System.Data.SqlClient.SqlDependency.Start(String connectionString)
                           在 DBAccess.DataBase.AddSqlDependency(String cacheKey, String strSql, IDictionary`2 parameters) 位置 E:\3_ASP\Aiyang_cs\DBAccess2.0\DBAccess\DataBase.cs:行号 43
--------------------------------------------------

2017/11/4 9:05:48：Path              = /admin9876/login.aspx
Time              = 2017-11-04 09:05:48
ClientIP          = ::1
Type              = System.Data.SqlClient.SqlException, System.Data, Version=2.0.0.0, Culture=neutral, PublicKeyToken=b77a5c561934e089
Message           = 在与 SQL Server 建立连接时出现与网络相关的或特定于实例的错误。未找到或无法访问服务器。请验证实例名称是否正确并且 SQL Server 已配置为允许远程连接。 (provider: 命名管道提供程序, error: 40 - 无法打开到 SQL Server 的连接)
Source            = .Net SqlClient Data Provider
HelpLink          = 
ReflectionInfo    = Errors : System.Data.SqlClient.SqlErrorCollection
                        Class : 20
                        LineNumber : 0
                        Number : 53
                        Procedure : 
                        Server : 
                        State : 0
                        ErrorCode : -2146232060
                        Data : System.Collections.ListDictionaryInternal
                        TargetSite : Void OnError(System.Data.SqlClient.SqlException, Boolean)
                        
StackTrace        =    在 System.Data.SqlClient.SqlInternalConnection.OnError(SqlException exception, Boolean breakConnection)
                           在 System.Data.SqlClient.TdsParser.ThrowExceptionAndWarning(TdsParserStateObject stateObj)
                           在 System.Data.SqlClient.TdsParser.Connect(ServerInfo serverInfo, SqlInternalConnectionTds connHandler, Boolean ignoreSniOpenTimeout, Int64 timerExpire, Boolean encrypt, Boolean trustServerCert, Boolean integratedSecurity, SqlConnection owningObject, Boolean withFailover)
                           在 System.Data.SqlClient.SqlInternalConnectionTds.AttemptOneLogin(ServerInfo serverInfo, String newPassword, Boolean ignoreSniOpenTimeout, Int64 timerExpire, SqlConnection owningObject, Boolean withFailover)
                           在 System.Data.SqlClient.SqlInternalConnectionTds.LoginNoFailover(String host, String newPassword, Boolean redirectedUserInstance, SqlConnection owningObject, SqlConnectionString connectionOptions, Int64 timerStart)
                           在 System.Data.SqlClient.SqlInternalConnectionTds.OpenLoginEnlist(SqlConnection owningObject, SqlConnectionString connectionOptions, String newPassword, Boolean redirectedUserInstance)
                           在 System.Data.SqlClient.SqlInternalConnectionTds..ctor(DbConnectionPoolIdentity identity, SqlConnectionString connectionOptions, Object providerInfo, String newPassword, SqlConnection owningObject, Boolean redirectedUserInstance)
                           在 System.Data.SqlClient.SqlConnectionFactory.CreateConnection(DbConnectionOptions options, Object poolGroupProviderInfo, DbConnectionPool pool, DbConnection owningConnection)
                           在 System.Data.ProviderBase.DbConnectionFactory.CreatePooledConnection(DbConnection owningConnection, DbConnectionPool pool, DbConnectionOptions options)
                           在 System.Data.ProviderBase.DbConnectionPool.CreateObject(DbConnection owningObject)
                           在 System.Data.ProviderBase.DbConnectionPool.UserCreateRequest(DbConnection owningObject)
                           在 System.Data.ProviderBase.DbConnectionPool.GetConnection(DbConnection owningObject)
                           在 System.Data.ProviderBase.DbConnectionFactory.GetConnection(DbConnection owningConnection)
                           在 System.Data.ProviderBase.DbConnectionClosed.OpenConnection(DbConnection outerConnection, DbConnectionFactory connectionFactory)
                           在 System.Data.SqlClient.SqlConnection.Open()
                           在 DBAccess.DataBase.ExecuteScalar(String connectionString, CommandType commandType, String commandText, SqlParameter[] commandParameters) 位置 E:\3_ASP\Aiyang_cs\DBAccess2.0\DBAccess\DataBase.cs:行号 974
                           在 DBAccess.DataBase.ExecuteScalar(CommandType commandType, String commandText, SqlParameter[] commandParameters) 位置 E:\3_ASP\Aiyang_cs\DBAccess2.0\DBAccess\DataBase.cs:行号 851
                           在 KuaiCard.BLL.ManageFactory.SignIn(Manage manage) 位置 E:\3_ASP\Aiyang_cs\KuaiCard.BLL2.0\KuaiCard\BLL\ManageFactory.cs:行号 418
--------------------------------------------------

2017/11/4 9:06:14：Path              = /admin9876/login.aspx
Time              = 2017-11-04 09:06:14
ClientIP          = ::1
Type              = System.Data.SqlClient.SqlException, System.Data, Version=2.0.0.0, Culture=neutral, PublicKeyToken=b77a5c561934e089
Message           = 用户 'sa' 登录失败。
Source            = .Net SqlClient Data Provider
HelpLink          = 
ReflectionInfo    = Errors : System.Data.SqlClient.SqlErrorCollection
                        Class : 14
                        LineNumber : 65536
                        Number : 18456
                        Procedure : 
                        Server : .
                        State : 1
                        ErrorCode : -2146232060
                        Data : System.Collections.ListDictionaryInternal
                        TargetSite : Void OnError(System.Data.SqlClient.SqlException, Boolean)
                        
StackTrace        =    在 System.Data.SqlClient.SqlInternalConnection.OnError(SqlException exception, Boolean breakConnection)
                           在 System.Data.SqlClient.TdsParser.ThrowExceptionAndWarning(TdsParserStateObject stateObj)
                           在 System.Data.SqlClient.TdsParser.Run(RunBehavior runBehavior, SqlCommand cmdHandler, SqlDataReader dataStream, BulkCopySimpleResultSet bulkCopyHandler, TdsParserStateObject stateObj)
                           在 System.Data.SqlClient.SqlInternalConnectionTds.CompleteLogin(Boolean enlistOK)
                           在 System.Data.SqlClient.SqlInternalConnectionTds.AttemptOneLogin(ServerInfo serverInfo, String newPassword, Boolean ignoreSniOpenTimeout, Int64 timerExpire, SqlConnection owningObject, Boolean withFailover)
                           在 System.Data.SqlClient.SqlInternalConnectionTds.LoginNoFailover(String host, String newPassword, Boolean redirectedUserInstance, SqlConnection owningObject, SqlConnectionString connectionOptions, Int64 timerStart)
                           在 System.Data.SqlClient.SqlInternalConnectionTds.OpenLoginEnlist(SqlConnection owningObject, SqlConnectionString connectionOptions, String newPassword, Boolean redirectedUserInstance)
                           在 System.Data.SqlClient.SqlInternalConnectionTds..ctor(DbConnectionPoolIdentity identity, SqlConnectionString connectionOptions, Object providerInfo, String newPassword, SqlConnection owningObject, Boolean redirectedUserInstance)
                           在 System.Data.SqlClient.SqlConnectionFactory.CreateConnection(DbConnectionOptions options, Object poolGroupProviderInfo, DbConnectionPool pool, DbConnection owningConnection)
                           在 System.Data.ProviderBase.DbConnectionFactory.CreatePooledConnection(DbConnection owningConnection, DbConnectionPool pool, DbConnectionOptions options)
                           在 System.Data.ProviderBase.DbConnectionPool.CreateObject(DbConnection owningObject)
                           在 System.Data.ProviderBase.DbConnectionPool.UserCreateRequest(DbConnection owningObject)
                           在 System.Data.ProviderBase.DbConnectionPool.GetConnection(DbConnection owningObject)
                           在 System.Data.ProviderBase.DbConnectionFactory.GetConnection(DbConnection owningConnection)
                           在 System.Data.ProviderBase.DbConnectionClosed.OpenConnection(DbConnection outerConnection, DbConnectionFactory connectionFactory)
                           在 System.Data.SqlClient.SqlConnection.Open()
                           在 DBAccess.DataBase.ExecuteScalar(String connectionString, CommandType commandType, String commandText, SqlParameter[] commandParameters) 位置 E:\3_ASP\Aiyang_cs\DBAccess2.0\DBAccess\DataBase.cs:行号 974
                           在 DBAccess.DataBase.ExecuteScalar(CommandType commandType, String commandText, SqlParameter[] commandParameters) 位置 E:\3_ASP\Aiyang_cs\DBAccess2.0\DBAccess\DataBase.cs:行号 851
                           在 KuaiCard.BLL.ManageFactory.SignIn(Manage manage) 位置 E:\3_ASP\Aiyang_cs\KuaiCard.BLL2.0\KuaiCard\BLL\ManageFactory.cs:行号 418
--------------------------------------------------

2017/11/4 9:07:29：Path              = /admin9876/login.aspx
Time              = 2017-11-04 09:07:29
ClientIP          = ::1
Type              = System.Data.SqlClient.SqlException, System.Data, Version=2.0.0.0, Culture=neutral, PublicKeyToken=b77a5c561934e089
Message           = 无法打开登录所请求的数据库 "oldvip"。登录失败。
用户 'sa' 登录失败。
Source            = .Net SqlClient Data Provider
HelpLink          = 
ReflectionInfo    = Errors : System.Data.SqlClient.SqlErrorCollection
                        Class : 11
                        LineNumber : 65536
                        Number : 4060
                        Procedure : 
                        Server : .
                        State : 1
                        ErrorCode : -2146232060
                        Data : System.Collections.ListDictionaryInternal
                        TargetSite : Void OnError(System.Data.SqlClient.SqlException, Boolean)
                        
StackTrace        =    在 System.Data.SqlClient.SqlInternalConnection.OnError(SqlException exception, Boolean breakConnection)
                           在 System.Data.SqlClient.TdsParser.ThrowExceptionAndWarning(TdsParserStateObject stateObj)
                           在 System.Data.SqlClient.TdsParser.Run(RunBehavior runBehavior, SqlCommand cmdHandler, SqlDataReader dataStream, BulkCopySimpleResultSet bulkCopyHandler, TdsParserStateObject stateObj)
                           在 System.Data.SqlClient.SqlInternalConnectionTds.CompleteLogin(Boolean enlistOK)
                           在 System.Data.SqlClient.SqlInternalConnectionTds.AttemptOneLogin(ServerInfo serverInfo, String newPassword, Boolean ignoreSniOpenTimeout, Int64 timerExpire, SqlConnection owningObject, Boolean withFailover)
                           在 System.Data.SqlClient.SqlInternalConnectionTds.LoginNoFailover(String host, String newPassword, Boolean redirectedUserInstance, SqlConnection owningObject, SqlConnectionString connectionOptions, Int64 timerStart)
                           在 System.Data.SqlClient.SqlInternalConnectionTds.OpenLoginEnlist(SqlConnection owningObject, SqlConnectionString connectionOptions, String newPassword, Boolean redirectedUserInstance)
                           在 System.Data.SqlClient.SqlInternalConnectionTds..ctor(DbConnectionPoolIdentity identity, SqlConnectionString connectionOptions, Object providerInfo, String newPassword, SqlConnection owningObject, Boolean redirectedUserInstance)
                           在 System.Data.SqlClient.SqlConnectionFactory.CreateConnection(DbConnectionOptions options, Object poolGroupProviderInfo, DbConnectionPool pool, DbConnection owningConnection)
                           在 System.Data.ProviderBase.DbConnectionFactory.CreatePooledConnection(DbConnection owningConnection, DbConnectionPool pool, DbConnectionOptions options)
                           在 System.Data.ProviderBase.DbConnectionPool.CreateObject(DbConnection owningObject)
                           在 System.Data.ProviderBase.DbConnectionPool.UserCreateRequest(DbConnection owningObject)
                           在 System.Data.ProviderBase.DbConnectionPool.GetConnection(DbConnection owningObject)
                           在 System.Data.ProviderBase.DbConnectionFactory.GetConnection(DbConnection owningConnection)
                           在 System.Data.ProviderBase.DbConnectionClosed.OpenConnection(DbConnection outerConnection, DbConnectionFactory connectionFactory)
                           在 System.Data.SqlClient.SqlConnection.Open()
                           在 DBAccess.DataBase.ExecuteScalar(String connectionString, CommandType commandType, String commandText, SqlParameter[] commandParameters) 位置 E:\3_ASP\Aiyang_cs\DBAccess2.0\DBAccess\DataBase.cs:行号 974
                           在 DBAccess.DataBase.ExecuteScalar(CommandType commandType, String commandText, SqlParameter[] commandParameters) 位置 E:\3_ASP\Aiyang_cs\DBAccess2.0\DBAccess\DataBase.cs:行号 851
                           在 KuaiCard.BLL.ManageFactory.SignIn(Manage manage) 位置 E:\3_ASP\Aiyang_cs\KuaiCard.BLL2.0\KuaiCard\BLL\ManageFactory.cs:行号 418
--------------------------------------------------

2017/11/4 10:19:15：Path              = /admin9876/Default.aspx
Time              = 2017-11-04 10:19:15
ClientIP          = ::1
Type              = System.Web.HttpParseException, System.Web, Version=2.0.0.0, Culture=neutral, PublicKeyToken=b03f5f7f11d50a3a
Message           = 只能有一个“page”指令。
Source            = System.Web
HelpLink          = 
ReflectionInfo    = FileName : E:\3_ASP\Aiyang_web\admin9876\Default.aspx
                        VirtualPath : /admin9876/Default.aspx
                        Line : 2
                        ParserErrors : System.Web.ParserErrorCollection
                        ErrorCode : -2147467259
                        Data : System.Collections.ListDictionaryInternal
                        TargetSite : Void ParseString(System.String, System.Web.VirtualPath, System.Text.Encoding)
                        
StackTrace        =    在 System.Web.UI.TemplateParser.ParseString(String text, VirtualPath virtualPath, Encoding fileEncoding)
                           在 System.Web.UI.TemplateParser.ParseReader(StreamReader reader, VirtualPath virtualPath)
                           在 System.Web.UI.TemplateParser.ParseFile(String physicalPath, VirtualPath virtualPath)
                           在 System.Web.UI.TemplateParser.ParseInternal()
                           在 System.Web.UI.TemplateParser.Parse()
                           在 System.Web.UI.TemplateParser.Parse(ICollection referencedAssemblies, VirtualPath virtualPath)
                           在 System.Web.Compilation.BaseTemplateBuildProvider.get_CodeCompilerType()
                           在 System.Web.Compilation.BuildProvider.GetCompilerTypeFromBuildProvider(BuildProvider buildProvider)
                           在 System.Web.Compilation.BuildProvidersCompiler.ProcessBuildProviders()
                           在 System.Web.Compilation.BuildProvidersCompiler.PerformBuild()
                           在 System.Web.Compilation.BuildManager.CompileWebFile(VirtualPath virtualPath)
                           在 System.Web.Compilation.BuildManager.GetVPathBuildResultInternal(VirtualPath virtualPath, Boolean noBuild, Boolean allowCrossApp, Boolean allowBuildInPrecompile)
                           在 System.Web.Compilation.BuildManager.GetVPathBuildResultWithNoAssert(HttpContext context, VirtualPath virtualPath, Boolean noBuild, Boolean allowCrossApp, Boolean allowBuildInPrecompile)
                           在 System.Web.Compilation.BuildManager.GetVirtualPathObjectFactory(VirtualPath virtualPath, HttpContext context, Boolean allowCrossApp, Boolean noAssert)
                           在 System.Web.Compilation.BuildManager.CreateInstanceFromVirtualPath(VirtualPath virtualPath, Type requiredBaseType, HttpContext context, Boolean allowCrossApp, Boolean noAssert)
                           在 System.Web.UI.PageHandlerFactory.GetHandlerHelper(HttpContext context, String requestType, VirtualPath virtualPath, String physicalPath)
                           在 System.Web.UI.PageHandlerFactory.GetHandler(HttpContext context, String requestType, String virtualPath, String path)
                           在 System.Web.HttpApplication.MaterializeHandlerExecutionStep.System.Web.HttpApplication.IExecutionStep.Execute()
                           在 System.Web.HttpApplication.ExecuteStep(IExecutionStep step, Boolean& completedSynchronously)
--------------------------------------------------

2017/11/4 11:21:00：Path              = /admin9876/Default.aspx
Time              = 2017-11-04 11:21:00
ClientIP          = ::1
Type              = System.Web.HttpCompileException, System.Web, Version=2.0.0.0, Culture=neutral, PublicKeyToken=b03f5f7f11d50a3a
Message           = e:\3_ASP\Aiyang_web\admin9876\Default.aspx(75): error CS0103: 当前上下文中不存在名称“logintime”
Source            = System.Web
HelpLink          = 
ReflectionInfo    = Results : System.CodeDom.Compiler.CompilerResults
                        SourceCode : #pragma checksum "E:\3_ASP\Aiyang_web\admin9876\Default.aspx" "{406ea660-64cf-4c82-b6f0-42d48172a799}" "1FB5C0EA0168934C9F0B69893897F654"
                        //------------------------------------------------------------------------------
                        // <auto-generated>
                        //     此代码由工具生成。
                        //     运行时版本:2.0.50727.8745
                        //
                        //     对此文件的更改可能会导致不正确的行为，并且如果
                        //     重新生成代码，这些更改将会丢失。
                        // </auto-generated>
                        //------------------------------------------------------------------------------
                        
                        namespace ASP {
                            
                            #line 285 "C:\Windows\Microsoft.NET\Framework\v2.0.50727\Config\web.config"
                            using System.Web.Profile;
                            
                            #line default
                            #line hidden
                            
                            #line 280 "C:\Windows\Microsoft.NET\Framework\v2.0.50727\Config\web.config"
                            using System.Text.RegularExpressions;
                            
                            #line default
                            #line hidden
                            
                            #line 282 "C:\Windows\Microsoft.NET\Framework\v2.0.50727\Config\web.config"
                            using System.Web.Caching;
                            
                            #line default
                            #line hidden
                            
                            #line 278 "C:\Windows\Microsoft.NET\Framework\v2.0.50727\Config\web.config"
                            using System.Configuration;
                            
                            #line default
                            #line hidden
                            
                            #line 277 "C:\Windows\Microsoft.NET\Framework\v2.0.50727\Config\web.config"
                            using System.Collections.Specialized;
                            
                            #line default
                            #line hidden
                            
                            #line 289 "C:\Windows\Microsoft.NET\Framework\v2.0.50727\Config\web.config"
                            using System.Web.UI.HtmlControls;
                            
                            #line default
                            #line hidden
                            
                            #line 287 "C:\Windows\Microsoft.NET\Framework\v2.0.50727\Config\web.config"
                            using System.Web.UI.WebControls;
                            
                            #line default
                            #line hidden
                            
                            #line 276 "C:\Windows\Microsoft.NET\Framework\v2.0.50727\Config\web.config"
                            using System.Collections;
                            
                            #line default
                            #line hidden
                            
                            #line 286 "C:\Windows\Microsoft.NET\Framework\v2.0.50727\Config\web.config"
                            using System.Web.UI;
                            
                            #line default
                            #line hidden
                            
                            #line 288 "C:\Windows\Microsoft.NET\Framework\v2.0.50727\Config\web.config"
                            using System.Web.UI.WebControls.WebParts;
                            
                            #line default
                            #line hidden
                            
                            #line 275 "C:\Windows\Microsoft.NET\Framework\v2.0.50727\Config\web.config"
                            using System;
                            
                            #line default
                            #line hidden
                            
                            #line 284 "C:\Windows\Microsoft.NET\Framework\v2.0.50727\Config\web.config"
                            using System.Web.Security;
                            
                            #line default
                            #line hidden
                            
                            #line 281 "C:\Windows\Microsoft.NET\Framework\v2.0.50727\Config\web.config"
                            using System.Web;
                            
                            #line default
                            #line hidden
                            
                            #line 283 "C:\Windows\Microsoft.NET\Framework\v2.0.50727\Config\web.config"
                            using System.Web.SessionState;
                            
                            #line default
                            #line hidden
                            
                            #line 279 "C:\Windows\Microsoft.NET\Framework\v2.0.50727\Config\web.config"
                            using System.Text;
                            
                            #line default
                            #line hidden
                            
                            
                            [System.Runtime.CompilerServices.CompilerGlobalScopeAttribute()]
                            public class admin9876_default_aspx : global::KuaiCard.WebUI.Manage.Default, System.Web.SessionState.IRequiresSessionState, System.Web.IHttpHandler {
                                
                                private static bool @__initialized;
                                
                                private static object @__stringResource;
                                
                                private static object @__fileDependencies;
                                
                                [System.Diagnostics.DebuggerNonUserCodeAttribute()]
                                public admin9876_default_aspx() {
                                    string[] dependencies;
                                    ((global::KuaiCard.WebUI.Manage.Default)(this)).AppRelativeVirtualPath = "~/admin9876/Default.aspx";
                                    if ((global::ASP.admin9876_default_aspx.@__initialized == false)) {
                                        global::ASP.admin9876_default_aspx.@__stringResource = this.ReadStringResource();
                                        dependencies = new string[1];
                                        dependencies[0] = "~/admin9876/Default.aspx";
                                        global::ASP.admin9876_default_aspx.@__fileDependencies = this.GetWrappedFileDependencies(dependencies);
                                        global::ASP.admin9876_default_aspx.@__initialized = true;
                                    }
                                    this.Server.ScriptTimeout = 30000000;
                                }
                                
                                protected System.Web.Profile.DefaultProfile Profile {
                                    get {
                                        return ((System.Web.Profile.DefaultProfile)(this.Context.Profile));
                                    }
                                }
                                
                                protected ASP.global_asax ApplicationInstance {
                                    get {
                                        return ((ASP.global_asax)(this.Context.ApplicationInstance));
                                    }
                                }
                                
                                [System.Diagnostics.DebuggerNonUserCodeAttribute()]
                                private void @__BuildControlTree(admin9876_default_aspx @__ctrl) {
                                    
                                    #line 1 "E:\3_ASP\Aiyang_web\admin9876\Default.aspx"
                                    this.InitializeCulture();
                                    
                                    #line default
                                    #line hidden
                                    @__ctrl.SetRenderMethodDelegate(new System.Web.UI.RenderMethod(this.@__Render__control1));
                                }
                                
                                private void @__Render__control1(System.Web.UI.HtmlTextWriter @__w, System.Web.UI.Control parameterContainer) {
                                    this.WriteUTF8ResourceString(@__w, 0, 3514, false);
                                    
                                    #line 75 "E:\3_ASP\Aiyang_web\admin9876\Default.aspx"
                                                      @__w.Write(logintime );
                        
                                    
                                    #line default
                                    #line hidden
                                    this.WriteUTF8ResourceString(@__w, 3514, 29000, true);
                                }
                                
                                [System.Diagnostics.DebuggerNonUserCodeAttribute()]
                                protected override void FrameworkInitialize() {
                                    base.FrameworkInitialize();
                                    this.SetStringResourcePointer(global::ASP.admin9876_default_aspx.@__stringResource, 0);
                                    this.@__BuildControlTree(this);
                                    this.AddWrappedFileDependencies(global::ASP.admin9876_default_aspx.@__fileDependencies);
                                    this.Request.ValidateInput();
                                }
                                
                                [System.Diagnostics.DebuggerNonUserCodeAttribute()]
                                public override int GetTypeHashCode() {
                                    return 909526700;
                                }
                                
                                [System.Diagnostics.DebuggerNonUserCodeAttribute()]
                                public override void ProcessRequest(System.Web.HttpContext context) {
                                    base.ProcessRequest(context);
                                }
                            }
                        }
                        
                        ErrorCode : -2147467259
                        Data : System.Collections.ListDictionaryInternal
                        TargetSite : System.Web.Compilation.BuildResult CompileWebFile(System.Web.VirtualPath)
                        
StackTrace        =    在 System.Web.Compilation.BuildManager.CompileWebFile(VirtualPath virtualPath)
                           在 System.Web.Compilation.BuildManager.GetVPathBuildResultInternal(VirtualPath virtualPath, Boolean noBuild, Boolean allowCrossApp, Boolean allowBuildInPrecompile)
                           在 System.Web.Compilation.BuildManager.GetVPathBuildResultWithNoAssert(HttpContext context, VirtualPath virtualPath, Boolean noBuild, Boolean allowCrossApp, Boolean allowBuildInPrecompile)
                           在 System.Web.Compilation.BuildManager.GetVirtualPathObjectFactory(VirtualPath virtualPath, HttpContext context, Boolean allowCrossApp, Boolean noAssert)
                           在 System.Web.Compilation.BuildManager.CreateInstanceFromVirtualPath(VirtualPath virtualPath, Type requiredBaseType, HttpContext context, Boolean allowCrossApp, Boolean noAssert)
                           在 System.Web.UI.PageHandlerFactory.GetHandlerHelper(HttpContext context, String requestType, VirtualPath virtualPath, String physicalPath)
                           在 System.Web.UI.PageHandlerFactory.GetHandler(HttpContext context, String requestType, String virtualPath, String path)
                           在 System.Web.HttpApplication.MaterializeHandlerExecutionStep.System.Web.HttpApplication.IExecutionStep.Execute()
                           在 System.Web.HttpApplication.ExecuteStep(IExecutionStep step, Boolean& completedSynchronously)
--------------------------------------------------

2017/11/4 11:22:41：Path              = /admin9876/Default.aspx
Time              = 2017-11-04 11:22:41
ClientIP          = ::1
Type              = System.Web.HttpParseException, System.Web, Version=2.0.0.0, Culture=neutral, PublicKeyToken=b03f5f7f11d50a3a
Message           = 未能找到路径“E:\3_ASP\Aiyang_web\admin9876\include\HeadNav.aspx”的一部分。
Source            = System.Web
HelpLink          = 
ReflectionInfo    = FileName : E:\3_ASP\Aiyang_web\admin9876\Default.aspx
                        VirtualPath : /admin9876/Default.aspx
                        Line : 70
                        ParserErrors : System.Web.ParserErrorCollection
                        ErrorCode : -2147467259
                        Data : System.Collections.ListDictionaryInternal
                        TargetSite : Void ParseString(System.String, System.Web.VirtualPath, System.Text.Encoding)
                        
StackTrace        =    在 System.Web.UI.TemplateParser.ParseString(String text, VirtualPath virtualPath, Encoding fileEncoding)
                           在 System.Web.UI.TemplateParser.ParseReader(StreamReader reader, VirtualPath virtualPath)
                           在 System.Web.UI.TemplateParser.ParseFile(String physicalPath, VirtualPath virtualPath)
                           在 System.Web.UI.TemplateParser.ParseInternal()
                           在 System.Web.UI.TemplateParser.Parse()
                           在 System.Web.UI.TemplateParser.Parse(ICollection referencedAssemblies, VirtualPath virtualPath)
                           在 System.Web.Compilation.BaseTemplateBuildProvider.get_CodeCompilerType()
                           在 System.Web.Compilation.BuildProvider.GetCompilerTypeFromBuildProvider(BuildProvider buildProvider)
                           在 System.Web.Compilation.BuildProvidersCompiler.ProcessBuildProviders()
                           在 System.Web.Compilation.BuildProvidersCompiler.PerformBuild()
                           在 System.Web.Compilation.BuildManager.CompileWebFile(VirtualPath virtualPath)
                           在 System.Web.Compilation.BuildManager.GetVPathBuildResultInternal(VirtualPath virtualPath, Boolean noBuild, Boolean allowCrossApp, Boolean allowBuildInPrecompile)
                           在 System.Web.Compilation.BuildManager.GetVPathBuildResultWithNoAssert(HttpContext context, VirtualPath virtualPath, Boolean noBuild, Boolean allowCrossApp, Boolean allowBuildInPrecompile)
                           在 System.Web.Compilation.BuildManager.GetVirtualPathObjectFactory(VirtualPath virtualPath, HttpContext context, Boolean allowCrossApp, Boolean noAssert)
                           在 System.Web.Compilation.BuildManager.CreateInstanceFromVirtualPath(VirtualPath virtualPath, Type requiredBaseType, HttpContext context, Boolean allowCrossApp, Boolean noAssert)
                           在 System.Web.UI.PageHandlerFactory.GetHandlerHelper(HttpContext context, String requestType, VirtualPath virtualPath, String physicalPath)
                           在 System.Web.UI.PageHandlerFactory.GetHandler(HttpContext context, String requestType, String virtualPath, String path)
                           在 System.Web.HttpApplication.MaterializeHandlerExecutionStep.System.Web.HttpApplication.IExecutionStep.Execute()
                           在 System.Web.HttpApplication.ExecuteStep(IExecutionStep step, Boolean& completedSynchronously)
--------------------------------------------------

2017/11/4 11:23:05：Path              = /admin9876/Default.aspx
Time              = 2017-11-04 11:23:05
ClientIP          = ::1
Type              = System.Web.HttpParseException, System.Web, Version=2.0.0.0, Culture=neutral, PublicKeyToken=b03f5f7f11d50a3a
Message           = 只能有一个“page”指令。
Source            = System.Web
HelpLink          = 
ReflectionInfo    = FileName : E:\3_ASP\Aiyang_web\admin9876\Top.aspx
                        VirtualPath : /admin9876/Top.aspx
                        Line : 1
                        ParserErrors : System.Web.ParserErrorCollection
                        ErrorCode : -2147467259
                        Data : System.Collections.ListDictionaryInternal
                        TargetSite : Void ProcessException(System.Exception)
                        
StackTrace        =    在 System.Web.UI.TemplateParser.ProcessException(Exception ex)
                           在 System.Web.UI.TemplateParser.ParseStringInternal(String text, Encoding fileEncoding)
                           在 System.Web.UI.TemplateParser.ParseString(String text, VirtualPath virtualPath, Encoding fileEncoding)
                           在 System.Web.UI.TemplateParser.ParseReader(StreamReader reader, VirtualPath virtualPath)
                           在 System.Web.UI.TemplateParser.ParseFile(String physicalPath, VirtualPath virtualPath)
                           在 System.Web.UI.TemplateParser.ParseInternal()
                           在 System.Web.UI.TemplateParser.Parse()
                           在 System.Web.UI.TemplateParser.Parse(ICollection referencedAssemblies, VirtualPath virtualPath)
                           在 System.Web.Compilation.BaseTemplateBuildProvider.get_CodeCompilerType()
                           在 System.Web.Compilation.BuildProvider.GetCompilerTypeFromBuildProvider(BuildProvider buildProvider)
                           在 System.Web.Compilation.BuildProvidersCompiler.ProcessBuildProviders()
                           在 System.Web.Compilation.BuildProvidersCompiler.PerformBuild()
                           在 System.Web.Compilation.BuildManager.CompileWebFile(VirtualPath virtualPath)
                           在 System.Web.Compilation.BuildManager.GetVPathBuildResultInternal(VirtualPath virtualPath, Boolean noBuild, Boolean allowCrossApp, Boolean allowBuildInPrecompile)
                           在 System.Web.Compilation.BuildManager.GetVPathBuildResultWithNoAssert(HttpContext context, VirtualPath virtualPath, Boolean noBuild, Boolean allowCrossApp, Boolean allowBuildInPrecompile)
                           在 System.Web.Compilation.BuildManager.GetVirtualPathObjectFactory(VirtualPath virtualPath, HttpContext context, Boolean allowCrossApp, Boolean noAssert)
                           在 System.Web.Compilation.BuildManager.CreateInstanceFromVirtualPath(VirtualPath virtualPath, Type requiredBaseType, HttpContext context, Boolean allowCrossApp, Boolean noAssert)
                           在 System.Web.UI.PageHandlerFactory.GetHandlerHelper(HttpContext context, String requestType, VirtualPath virtualPath, String physicalPath)
                           在 System.Web.UI.PageHandlerFactory.GetHandler(HttpContext context, String requestType, String virtualPath, String path)
                           在 System.Web.HttpApplication.MaterializeHandlerExecutionStep.System.Web.HttpApplication.IExecutionStep.Execute()
                           在 System.Web.HttpApplication.ExecuteStep(IExecutionStep step, Boolean& completedSynchronously)
--------------------------------------------------

2017/11/4 16:31:55：Path              = /admin9876/Default.aspx
Time              = 2017-11-04 16:31:54
ClientIP          = ::1
Type              = System.Web.HttpUnhandledException, System.Web, Version=2.0.0.0, Culture=neutral, PublicKeyToken=b03f5f7f11d50a3a
Message           = 引发类型为“System.Web.HttpUnhandledException”的异常。
Source            = System.Web
HelpLink          = 
ReflectionInfo    = ErrorCode : -2147467259
                        Data : System.Collections.ListDictionaryInternal
                        TargetSite : Boolean HandleError(System.Exception)
                        
StackTrace        =    在 System.Web.UI.Page.HandleError(Exception e)
                           在 System.Web.UI.Page.ProcessRequestMain(Boolean includeStagesBeforeAsyncPoint, Boolean includeStagesAfterAsyncPoint)
                           在 System.Web.UI.Page.ProcessRequest(Boolean includeStagesBeforeAsyncPoint, Boolean includeStagesAfterAsyncPoint)
                           在 System.Web.UI.Page.ProcessRequest()
                           在 System.Web.UI.Page.ProcessRequestWithNoAssert(HttpContext context)
                           在 System.Web.UI.Page.ProcessRequest(HttpContext context)
                           在 ASP.admin9876_default_aspx.ProcessRequest(HttpContext context) 位置 c:\Windows\Microsoft.NET\Framework\v2.0.50727\Temporary ASP.NET Files\root\2c698c89\32fb458\App_Web_c5fsdoer.12.cs:行号 0
                           在 System.Web.HttpApplication.CallHandlerExecutionStep.System.Web.HttpApplication.IExecutionStep.Execute()
                           在 System.Web.HttpApplication.ExecuteStep(IExecutionStep step, Boolean& completedSynchronously)
--------------------------------------------------

2017/11/4 16:31:55：Path              = /admin9876/Default.aspx
Time              = 2017-11-04 16:31:55
ClientIP          = ::1
Type              = System.ArgumentException, mscorlib, Version=2.0.0.0, Culture=neutral, PublicKeyToken=b77a5c561934e089
Message           = 列“settingTable”不属于表 Table。
Source            = System.Data
HelpLink          = 
ReflectionInfo    = ParamName : 
                        Data : System.Collections.ListDictionaryInternal
                        TargetSite : System.Data.DataColumn GetDataColumn(System.String)
                        
StackTrace        =    在 System.Data.DataRow.GetDataColumn(String columnName)
                           在 System.Data.DataRow.set_Item(String columnName, Object value)
                           在 KuaiCard.WebUI.Manage.Default.Page_Load(Object sender, EventArgs e) 位置 E:\3_ASP\Aiyang_cs\WebUI2.0\KuaiCard\WebUI\Manage\Default.cs:行号 27
                           在 System.Web.Util.CalliHelper.EventArgFunctionCaller(IntPtr fp, Object o, Object t, EventArgs e)
                           在 System.Web.Util.CalliEventHandlerDelegateProxy.Callback(Object sender, EventArgs e)
                           在 System.Web.UI.Control.OnLoad(EventArgs e)
                           在 System.Web.UI.Control.LoadRecursive()
                           在 System.Web.UI.Page.ProcessRequestMain(Boolean includeStagesBeforeAsyncPoint, Boolean includeStagesAfterAsyncPoint)
--------------------------------------------------

2017/11/4 16:58:29：Path              = /admin9876/Default.aspx
Time              = 2017-11-04 16:58:29
ClientIP          = ::1
Type              = System.Web.HttpUnhandledException, System.Web, Version=2.0.0.0, Culture=neutral, PublicKeyToken=b03f5f7f11d50a3a
Message           = 引发类型为“System.Web.HttpUnhandledException”的异常。
Source            = System.Web
HelpLink          = 
ReflectionInfo    = ErrorCode : -2147467259
                        Data : System.Collections.ListDictionaryInternal
                        TargetSite : Boolean HandleError(System.Exception)
                        
StackTrace        =    在 System.Web.UI.Page.HandleError(Exception e)
                           在 System.Web.UI.Page.ProcessRequestMain(Boolean includeStagesBeforeAsyncPoint, Boolean includeStagesAfterAsyncPoint)
                           在 System.Web.UI.Page.ProcessRequest(Boolean includeStagesBeforeAsyncPoint, Boolean includeStagesAfterAsyncPoint)
                           在 System.Web.UI.Page.ProcessRequest()
                           在 System.Web.UI.Page.ProcessRequestWithNoAssert(HttpContext context)
                           在 System.Web.UI.Page.ProcessRequest(HttpContext context)
                           在 ASP.admin9876_default_aspx.ProcessRequest(HttpContext context) 位置 c:\Windows\Microsoft.NET\Framework\v2.0.50727\Temporary ASP.NET Files\root\2c698c89\32fb458\App_Web_qii9opft.0.cs:行号 0
                           在 System.Web.HttpApplication.CallHandlerExecutionStep.System.Web.HttpApplication.IExecutionStep.Execute()
                           在 System.Web.HttpApplication.ExecuteStep(IExecutionStep step, Boolean& completedSynchronously)
--------------------------------------------------

2017/11/4 16:58:29：Path              = /admin9876/Default.aspx
Time              = 2017-11-04 16:58:29
ClientIP          = ::1
Type              = System.ArgumentNullException, mscorlib, Version=2.0.0.0, Culture=neutral, PublicKeyToken=b77a5c561934e089
Message           = 值不能为空。
参数名: commandText
Source            = DBAccess
HelpLink          = 
ReflectionInfo    = ParamName : commandText
                        Data : System.Collections.ListDictionaryInternal
                        TargetSite : Void PrepareCommand(System.Data.SqlClient.SqlCommand, System.Data.SqlClient.SqlConnection, System.Data.SqlClient.SqlTransaction, System.Data.CommandType, System.String, System.Data.SqlClient.SqlParameter[], Boolean ByRef)
                        
StackTrace        =    在 DBAccess.DataBase.PrepareCommand(SqlCommand command, SqlConnection connection, SqlTransaction transaction, CommandType commandType, String commandText, SqlParameter[] commandParameters, Boolean& mustCloseConnection) 位置 E:\3_ASP\Aiyang_cs\DBAccess2.0\DBAccess\DataBase.cs:行号 1412
                           在 DBAccess.DataBase.ExecuteDataset(SqlConnection connection, CommandType commandType, String commandText, SqlParameter[] commandParameters) 位置 E:\3_ASP\Aiyang_cs\DBAccess2.0\DBAccess\DataBase.cs:行号 300
                           在 DBAccess.DataBase.ExecuteDataset(String connectionString, CommandType commandType, String commandText, SqlParameter[] commandParameters) 位置 E:\3_ASP\Aiyang_cs\DBAccess2.0\DBAccess\DataBase.cs:行号 345
                           在 DBAccess.DataBase.ExecuteDataset(CommandType commandType, String commandText, SqlParameter[] commandParameters) 位置 E:\3_ASP\Aiyang_cs\DBAccess2.0\DBAccess\DataBase.cs:行号 213
                           在 KuaiCard.BLL.ExMenuFactory.getTreeView(Int32 pid) 位置 E:\3_ASP\Aiyang_cs\KuaiCard.BLL2.0\KuaiCard\BLL\ExMenuFactory.cs:行号 55
                           在 KuaiCard.WebUI.Manage.Default.Page_Load(Object sender, EventArgs e) 位置 E:\3_ASP\Aiyang_cs\WebUI2.0\KuaiCard\WebUI\Manage\Default.cs:行号 24
                           在 System.Web.Util.CalliHelper.EventArgFunctionCaller(IntPtr fp, Object o, Object t, EventArgs e)
                           在 System.Web.Util.CalliEventHandlerDelegateProxy.Callback(Object sender, EventArgs e)
                           在 System.Web.UI.Control.OnLoad(EventArgs e)
                           在 System.Web.UI.Control.LoadRecursive()
                           在 System.Web.UI.Page.ProcessRequestMain(Boolean includeStagesBeforeAsyncPoint, Boolean includeStagesAfterAsyncPoint)
--------------------------------------------------

2017/11/4 17:07:09：Path              = /admin9876/Default.aspx
Time              = 2017-11-04 17:07:09
ClientIP          = ::1
Type              = System.Web.HttpUnhandledException, System.Web, Version=2.0.0.0, Culture=neutral, PublicKeyToken=b03f5f7f11d50a3a
Message           = 引发类型为“System.Web.HttpUnhandledException”的异常。
Source            = System.Web
HelpLink          = 
ReflectionInfo    = ErrorCode : -2147467259
                        Data : System.Collections.ListDictionaryInternal
                        TargetSite : Boolean HandleError(System.Exception)
                        
StackTrace        =    在 System.Web.UI.Page.HandleError(Exception e)
                           在 System.Web.UI.Page.ProcessRequestMain(Boolean includeStagesBeforeAsyncPoint, Boolean includeStagesAfterAsyncPoint)
                           在 System.Web.UI.Page.ProcessRequest(Boolean includeStagesBeforeAsyncPoint, Boolean includeStagesAfterAsyncPoint)
                           在 System.Web.UI.Page.ProcessRequest()
                           在 System.Web.UI.Page.ProcessRequestWithNoAssert(HttpContext context)
                           在 System.Web.UI.Page.ProcessRequest(HttpContext context)
                           在 ASP.admin9876_default_aspx.ProcessRequest(HttpContext context) 位置 c:\Windows\Microsoft.NET\Framework\v2.0.50727\Temporary ASP.NET Files\root\2c698c89\32fb458\App_Web_woeb9eql.20.cs:行号 0
                           在 System.Web.HttpApplication.CallHandlerExecutionStep.System.Web.HttpApplication.IExecutionStep.Execute()
                           在 System.Web.HttpApplication.ExecuteStep(IExecutionStep step, Boolean& completedSynchronously)
--------------------------------------------------

2017/11/4 17:07:09：Path              = /admin9876/Default.aspx
Time              = 2017-11-04 17:07:09
ClientIP          = ::1
Type              = System.Data.SqlClient.SqlException, System.Data, Version=2.0.0.0, Culture=neutral, PublicKeyToken=b77a5c561934e089
Message           = 必须声明标量变量 "@id"。
Source            = .Net SqlClient Data Provider
HelpLink          = 
ReflectionInfo    = Errors : System.Data.SqlClient.SqlErrorCollection
                        Class : 15
                        LineNumber : 1
                        Number : 137
                        Procedure : 
                        Server : .
                        State : 2
                        ErrorCode : -2146232060
                        Data : System.Collections.ListDictionaryInternal
                        TargetSite : Void OnError(System.Data.SqlClient.SqlException, Boolean)
                        
StackTrace        =    在 System.Data.SqlClient.SqlConnection.OnError(SqlException exception, Boolean breakConnection)
                           在 System.Data.SqlClient.SqlInternalConnection.OnError(SqlException exception, Boolean breakConnection)
                           在 System.Data.SqlClient.TdsParser.ThrowExceptionAndWarning(TdsParserStateObject stateObj)
                           在 System.Data.SqlClient.TdsParser.Run(RunBehavior runBehavior, SqlCommand cmdHandler, SqlDataReader dataStream, BulkCopySimpleResultSet bulkCopyHandler, TdsParserStateObject stateObj)
                           在 System.Data.SqlClient.SqlDataReader.ConsumeMetaData()
                           在 System.Data.SqlClient.SqlDataReader.get_MetaData()
                           在 System.Data.SqlClient.SqlCommand.FinishExecuteReader(SqlDataReader ds, RunBehavior runBehavior, String resetOptionsString)
                           在 System.Data.SqlClient.SqlCommand.RunExecuteReaderTds(CommandBehavior cmdBehavior, RunBehavior runBehavior, Boolean returnStream, Boolean async)
                           在 System.Data.SqlClient.SqlCommand.RunExecuteReader(CommandBehavior cmdBehavior, RunBehavior runBehavior, Boolean returnStream, String method, DbAsyncResult result)
                           在 System.Data.SqlClient.SqlCommand.RunExecuteReader(CommandBehavior cmdBehavior, RunBehavior runBehavior, Boolean returnStream, String method)
                           在 System.Data.SqlClient.SqlCommand.ExecuteReader(CommandBehavior behavior, String method)
                           在 System.Data.SqlClient.SqlCommand.ExecuteDbDataReader(CommandBehavior behavior)
                           在 System.Data.Common.DbCommand.System.Data.IDbCommand.ExecuteReader(CommandBehavior behavior)
                           在 System.Data.Common.DbDataAdapter.FillInternal(DataSet dataset, DataTable[] datatables, Int32 startRecord, Int32 maxRecords, String srcTable, IDbCommand command, CommandBehavior behavior)
                           在 System.Data.Common.DbDataAdapter.Fill(DataSet dataSet, Int32 startRecord, Int32 maxRecords, String srcTable, IDbCommand command, CommandBehavior behavior)
                           在 System.Data.Common.DbDataAdapter.Fill(DataSet dataSet)
                           在 DBAccess.DataBase.ExecuteDataset(SqlConnection connection, CommandType commandType, String commandText, SqlParameter[] commandParameters) 位置 E:\3_ASP\Aiyang_cs\DBAccess2.0\DBAccess\DataBase.cs:行号 304
                           在 DBAccess.DataBase.ExecuteDataset(String connectionString, CommandType commandType, String commandText, SqlParameter[] commandParameters) 位置 E:\3_ASP\Aiyang_cs\DBAccess2.0\DBAccess\DataBase.cs:行号 345
                           在 DBAccess.DataBase.ExecuteDataset(CommandType commandType, String commandText, SqlParameter[] commandParameters) 位置 E:\3_ASP\Aiyang_cs\DBAccess2.0\DBAccess\DataBase.cs:行号 213
                           在 KuaiCard.BLL.ExMenuFactory.getTreeView(Int32 pid) 位置 E:\3_ASP\Aiyang_cs\KuaiCard.BLL2.0\KuaiCard\BLL\ExMenuFactory.cs:行号 55
                           在 KuaiCard.WebUI.Manage.Default.Page_Load(Object sender, EventArgs e) 位置 E:\3_ASP\Aiyang_cs\WebUI2.0\KuaiCard\WebUI\Manage\Default.cs:行号 24
                           在 System.Web.Util.CalliHelper.EventArgFunctionCaller(IntPtr fp, Object o, Object t, EventArgs e)
                           在 System.Web.Util.CalliEventHandlerDelegateProxy.Callback(Object sender, EventArgs e)
                           在 System.Web.UI.Control.OnLoad(EventArgs e)
                           在 System.Web.UI.Control.LoadRecursive()
                           在 System.Web.UI.Page.ProcessRequestMain(Boolean includeStagesBeforeAsyncPoint, Boolean includeStagesAfterAsyncPoint)
