--------------------------------------------------

2017/11/13 8:32:02：Path              = /admin9876/stat/orderreport4.aspx?sign=8&menuId=11
Time              = 2017-11-13 08:32:02
ClientIP          = ::1
Type              = System.Data.SqlClient.SqlException, System.Data, Version=2.0.0.0, Culture=neutral, PublicKeyToken=b77a5c561934e089
Message           = 对象名 'v_order' 无效。
Source            = .Net SqlClient Data Provider
HelpLink          = 
ReflectionInfo    = Errors : System.Data.SqlClient.SqlErrorCollection
                        Class : 16
                        LineNumber : 2
                        Number : 208
                        Procedure : 
                        Server : .
                        State : 1
                        ErrorCode : -2146232060
                        Data : System.Collections.ListDictionaryInternal
                        TargetSite : Void OnError(System.Data.SqlClient.SqlException, Boolean)
                        
StackTrace        =    在 System.Data.SqlClient.SqlConnection.OnError(SqlException exception, Boolean breakConnection)
                           在 System.Data.SqlClient.SqlInternalConnection.OnError(SqlException exception, Boolean breakConnection)
                           在 System.Data.SqlClient.TdsParser.ThrowExceptionAndWarning(TdsParserStateObject stateObj)
                           在 System.Data.SqlClient.TdsParser.Run(RunBehavior runBehavior, SqlCommand cmdHandler, SqlDataReader dataStream, BulkCopySimpleResultSet bulkCopyHandler, TdsParserStateObject stateObj)
                           在 System.Data.SqlClient.SqlDataReader.ConsumeMetaData()
                           在 System.Data.SqlClient.SqlDataReader.get_MetaData()
                           在 System.Data.SqlClient.SqlCommand.FinishExecuteReader(SqlDataReader ds, RunBehavior runBehavior, String resetOptionsString)
                           在 System.Data.SqlClient.SqlCommand.RunExecuteReaderTds(CommandBehavior cmdBehavior, RunBehavior runBehavior, Boolean returnStream, Boolean async)
                           在 System.Data.SqlClient.SqlCommand.RunExecuteReader(CommandBehavior cmdBehavior, RunBehavior runBehavior, Boolean returnStream, String method, DbAsyncResult result)
                           在 System.Data.SqlClient.SqlCommand.RunExecuteReader(CommandBehavior cmdBehavior, RunBehavior runBehavior, Boolean returnStream, String method)
                           在 System.Data.SqlClient.SqlCommand.ExecuteReader(CommandBehavior behavior, String method)
                           在 System.Data.SqlClient.SqlCommand.ExecuteDbDataReader(CommandBehavior behavior)
                           在 System.Data.Common.DbCommand.System.Data.IDbCommand.ExecuteReader(CommandBehavior behavior)
                           在 System.Data.Common.DbDataAdapter.FillInternal(DataSet dataset, DataTable[] datatables, Int32 startRecord, Int32 maxRecords, String srcTable, IDbCommand command, CommandBehavior behavior)
                           在 System.Data.Common.DbDataAdapter.Fill(DataSet dataSet, Int32 startRecord, Int32 maxRecords, String srcTable, IDbCommand command, CommandBehavior behavior)
                           在 System.Data.Common.DbDataAdapter.Fill(DataSet dataSet)
                           在 DBAccess.DataBase.ExecuteDataset(SqlConnection connection, CommandType commandType, String commandText, SqlParameter[] commandParameters) 位置 E:\3_ASP\Aiyang_cs\DBAccess2.0\DBAccess\DataBase.cs:行号 304
                           在 DBAccess.DataBase.ExecuteDataset(String connectionString, CommandType commandType, String commandText, SqlParameter[] commandParameters) 位置 E:\3_ASP\Aiyang_cs\DBAccess2.0\DBAccess\DataBase.cs:行号 345
                           在 DBAccess.DataBase.ExecuteDataset(CommandType commandType, String commandText, SqlParameter[] commandParameters) 位置 E:\3_ASP\Aiyang_cs\DBAccess2.0\DBAccess\DataBase.cs:行号 213
                           在 KuaiCard.BLL.Order.Dal.AgentStat2(DateTime sdt, DateTime edt, Int32 page, Int32 pagesize, String orderby) 位置 E:\3_ASP\Aiyang_cs\KuaiCard.BLL2.0\KuaiCard\BLL\Order\Dal.cs:行号 30
--------------------------------------------------

2017/11/13 8:53:41：Path              = /admin9876/SiteInfo.aspx?sign=40&menuId=41
Time              = 2017-11-13 08:53:41
ClientIP          = ::1
Type              = System.InvalidOperationException, mscorlib, Version=2.0.0.0, Culture=neutral, PublicKeyToken=b77a5c561934e089
Message           = 未启用当前数据库的 SQL Server Service Broker，因此查询通知不受支持。如果希望使用通知，请为此数据库启用 Service Broker。
Source            = System.Data
HelpLink          = 
ReflectionInfo    = Data : System.Collections.ListDictionaryInternal
                        TargetSite : Void .ctor(SqlConnectionContainerHashHelper, System.String, Boolean)
                        
StackTrace        = 
                        Server stack trace: 
                           在 SqlDependencyProcessDispatcher.SqlConnectionContainer..ctor(SqlConnectionContainerHashHelper hashHelper, String appDomainKey, Boolean useDefaults)
                           在 SqlDependencyProcessDispatcher.Start(String connectionString, String& server, DbConnectionPoolIdentity& identity, String& user, String& database, String& queueService, String appDomainKey, SqlDependencyPerAppDomainDispatcher dispatcher, Boolean& errorOccurred, Boolean& appDomainStart, Boolean useDefaults)
                           在 SqlDependencyProcessDispatcher.StartWithDefault(String connectionString, String& server, DbConnectionPoolIdentity& identity, String& user, String& database, String& service, String appDomainKey, SqlDependencyPerAppDomainDispatcher dispatcher, Boolean& errorOccurred, Boolean& appDomainStart)
                           在 System.Runtime.Remoting.Messaging.StackBuilderSink._PrivateProcessMessage(IntPtr md, Object[] args, Object server, Int32 methodPtr, Boolean fExecuteInContext, Object[]& outArgs)
                           在 System.Runtime.Remoting.Messaging.StackBuilderSink.PrivateProcessMessage(RuntimeMethodHandle md, Object[] args, Object server, Int32 methodPtr, Boolean fExecuteInContext, Object[]& outArgs)
                           在 System.Runtime.Remoting.Messaging.StackBuilderSink.SyncProcessMessage(IMessage msg, Int32 methodPtr, Boolean fExecuteInContext)
                        
                        Exception rethrown at [0]: 
                           在 System.Runtime.Remoting.Proxies.RealProxy.HandleReturnMessage(IMessage reqMsg, IMessage retMsg)
                           在 System.Runtime.Remoting.Proxies.RealProxy.PrivateInvoke(MessageData& msgData, Int32 type)
                           在 SqlDependencyProcessDispatcher.StartWithDefault(String connectionString, String& server, DbConnectionPoolIdentity& identity, String& user, String& database, String& service, String appDomainKey, SqlDependencyPerAppDomainDispatcher dispatcher, Boolean& errorOccurred, Boolean& appDomainStart)
                           在 System.Data.SqlClient.SqlDependency.Start(String connectionString, String queue, Boolean useDefaults)
                           在 System.Data.SqlClient.SqlDependency.Start(String connectionString)
                           在 DBAccess.DataBase.AddSqlDependency(String cacheKey, String strSql, IDictionary`2 parameters) 位置 E:\3_ASP\Aiyang_cs\DBAccess2.0\DBAccess\DataBase.cs:行号 43
--------------------------------------------------

2017/11/13 9:32:25：Path              = /admin9876/SiteInfo.aspx?sign=40&menuId=41
Time              = 2017-11-13 09:32:25
ClientIP          = ::1
Type              = System.Web.HttpParseException, System.Web, Version=2.0.0.0, Culture=neutral, PublicKeyToken=b03f5f7f11d50a3a
Message           = 未能找到文件“E:\3_ASP\Aiyang_web\Top.aspx”。
Source            = System.Web
HelpLink          = 
ReflectionInfo    = FileName : E:\3_ASP\Aiyang_web\admin9876\SiteInfo.aspx
                        VirtualPath : /admin9876/SiteInfo.aspx
                        Line : 3
                        ParserErrors : System.Web.ParserErrorCollection
                        ErrorCode : -2147467259
                        Data : System.Collections.ListDictionaryInternal
                        TargetSite : Void ParseString(System.String, System.Web.VirtualPath, System.Text.Encoding)
                        
StackTrace        =    在 System.Web.UI.TemplateParser.ParseString(String text, VirtualPath virtualPath, Encoding fileEncoding)
                           在 System.Web.UI.TemplateParser.ParseReader(StreamReader reader, VirtualPath virtualPath)
                           在 System.Web.UI.TemplateParser.ParseFile(String physicalPath, VirtualPath virtualPath)
                           在 System.Web.UI.TemplateParser.ParseInternal()
                           在 System.Web.UI.TemplateParser.Parse()
                           在 System.Web.UI.TemplateParser.Parse(ICollection referencedAssemblies, VirtualPath virtualPath)
                           在 System.Web.Compilation.BaseTemplateBuildProvider.get_CodeCompilerType()
                           在 System.Web.Compilation.BuildProvider.GetCompilerTypeFromBuildProvider(BuildProvider buildProvider)
                           在 System.Web.Compilation.BuildProvidersCompiler.ProcessBuildProviders()
                           在 System.Web.Compilation.BuildProvidersCompiler.PerformBuild()
                           在 System.Web.Compilation.BuildManager.CompileWebFile(VirtualPath virtualPath)
                           在 System.Web.Compilation.BuildManager.GetVPathBuildResultInternal(VirtualPath virtualPath, Boolean noBuild, Boolean allowCrossApp, Boolean allowBuildInPrecompile)
                           在 System.Web.Compilation.BuildManager.GetVPathBuildResultWithNoAssert(HttpContext context, VirtualPath virtualPath, Boolean noBuild, Boolean allowCrossApp, Boolean allowBuildInPrecompile)
                           在 System.Web.Compilation.BuildManager.GetVirtualPathObjectFactory(VirtualPath virtualPath, HttpContext context, Boolean allowCrossApp, Boolean noAssert)
                           在 System.Web.Compilation.BuildManager.CreateInstanceFromVirtualPath(VirtualPath virtualPath, Type requiredBaseType, HttpContext context, Boolean allowCrossApp, Boolean noAssert)
                           在 System.Web.UI.PageHandlerFactory.GetHandlerHelper(HttpContext context, String requestType, VirtualPath virtualPath, String physicalPath)
                           在 System.Web.UI.PageHandlerFactory.GetHandler(HttpContext context, String requestType, String virtualPath, String path)
                           在 System.Web.HttpApplication.MaterializeHandlerExecutionStep.System.Web.HttpApplication.IExecutionStep.Execute()
                           在 System.Web.HttpApplication.ExecuteStep(IExecutionStep step, Boolean& completedSynchronously)
--------------------------------------------------

2017/11/13 9:33:02：Path              = /admin9876/SiteInfo.aspx?sign=40&menuId=41
Time              = 2017-11-13 09:33:02
ClientIP          = ::1
Type              = System.InvalidOperationException, mscorlib, Version=2.0.0.0, Culture=neutral, PublicKeyToken=b77a5c561934e089
Message           = 未启用当前数据库的 SQL Server Service Broker，因此查询通知不受支持。如果希望使用通知，请为此数据库启用 Service Broker。
Source            = System.Data
HelpLink          = 
ReflectionInfo    = Data : System.Collections.ListDictionaryInternal
                        TargetSite : Void .ctor(SqlConnectionContainerHashHelper, System.String, Boolean)
                        
StackTrace        = 
                        Server stack trace: 
                           在 SqlDependencyProcessDispatcher.SqlConnectionContainer..ctor(SqlConnectionContainerHashHelper hashHelper, String appDomainKey, Boolean useDefaults)
                           在 SqlDependencyProcessDispatcher.Start(String connectionString, String& server, DbConnectionPoolIdentity& identity, String& user, String& database, String& queueService, String appDomainKey, SqlDependencyPerAppDomainDispatcher dispatcher, Boolean& errorOccurred, Boolean& appDomainStart, Boolean useDefaults)
                           在 SqlDependencyProcessDispatcher.StartWithDefault(String connectionString, String& server, DbConnectionPoolIdentity& identity, String& user, String& database, String& service, String appDomainKey, SqlDependencyPerAppDomainDispatcher dispatcher, Boolean& errorOccurred, Boolean& appDomainStart)
                           在 System.Runtime.Remoting.Messaging.StackBuilderSink._PrivateProcessMessage(IntPtr md, Object[] args, Object server, Int32 methodPtr, Boolean fExecuteInContext, Object[]& outArgs)
                           在 System.Runtime.Remoting.Messaging.StackBuilderSink.PrivateProcessMessage(RuntimeMethodHandle md, Object[] args, Object server, Int32 methodPtr, Boolean fExecuteInContext, Object[]& outArgs)
                           在 System.Runtime.Remoting.Messaging.StackBuilderSink.SyncProcessMessage(IMessage msg, Int32 methodPtr, Boolean fExecuteInContext)
                        
                        Exception rethrown at [0]: 
                           在 System.Runtime.Remoting.Proxies.RealProxy.HandleReturnMessage(IMessage reqMsg, IMessage retMsg)
                           在 System.Runtime.Remoting.Proxies.RealProxy.PrivateInvoke(MessageData& msgData, Int32 type)
                           在 SqlDependencyProcessDispatcher.StartWithDefault(String connectionString, String& server, DbConnectionPoolIdentity& identity, String& user, String& database, String& service, String appDomainKey, SqlDependencyPerAppDomainDispatcher dispatcher, Boolean& errorOccurred, Boolean& appDomainStart)
                           在 System.Data.SqlClient.SqlDependency.Start(String connectionString, String queue, Boolean useDefaults)
                           在 System.Data.SqlClient.SqlDependency.Start(String connectionString)
                           在 DBAccess.DataBase.AddSqlDependency(String cacheKey, String strSql, IDictionary`2 parameters) 位置 E:\3_ASP\Aiyang_cs\DBAccess2.0\DBAccess\DataBase.cs:行号 43
--------------------------------------------------

2017/11/13 9:41:51：Path              = /admin9876/SiteInfo.aspx?sign=40&menuId=41
Time              = 2017-11-13 09:41:51
ClientIP          = ::1
Type              = System.Web.HttpParseException, System.Web, Version=2.0.0.0, Culture=neutral, PublicKeyToken=b03f5f7f11d50a3a
Message           = 标记包含重复的“class”属性。
Source            = System.Web
HelpLink          = 
ReflectionInfo    = FileName : E:\3_ASP\Aiyang_web\admin9876\SiteInfo.aspx
                        VirtualPath : /admin9876/SiteInfo.aspx
                        Line : 307
                        ParserErrors : System.Web.ParserErrorCollection
                        ErrorCode : -2147467259
                        Data : System.Collections.ListDictionaryInternal
                        TargetSite : Void ParseString(System.String, System.Web.VirtualPath, System.Text.Encoding)
                        
StackTrace        =    在 System.Web.UI.TemplateParser.ParseString(String text, VirtualPath virtualPath, Encoding fileEncoding)
                           在 System.Web.UI.TemplateParser.ParseReader(StreamReader reader, VirtualPath virtualPath)
                           在 System.Web.UI.TemplateParser.ParseFile(String physicalPath, VirtualPath virtualPath)
                           在 System.Web.UI.TemplateParser.ParseInternal()
                           在 System.Web.UI.TemplateParser.Parse()
                           在 System.Web.UI.TemplateParser.Parse(ICollection referencedAssemblies, VirtualPath virtualPath)
                           在 System.Web.Compilation.BaseTemplateBuildProvider.get_CodeCompilerType()
                           在 System.Web.Compilation.BuildProvider.GetCompilerTypeFromBuildProvider(BuildProvider buildProvider)
                           在 System.Web.Compilation.BuildProvidersCompiler.ProcessBuildProviders()
                           在 System.Web.Compilation.BuildProvidersCompiler.PerformBuild()
                           在 System.Web.Compilation.BuildManager.CompileWebFile(VirtualPath virtualPath)
                           在 System.Web.Compilation.BuildManager.GetVPathBuildResultInternal(VirtualPath virtualPath, Boolean noBuild, Boolean allowCrossApp, Boolean allowBuildInPrecompile)
                           在 System.Web.Compilation.BuildManager.GetVPathBuildResultWithNoAssert(HttpContext context, VirtualPath virtualPath, Boolean noBuild, Boolean allowCrossApp, Boolean allowBuildInPrecompile)
                           在 System.Web.Compilation.BuildManager.GetVirtualPathObjectFactory(VirtualPath virtualPath, HttpContext context, Boolean allowCrossApp, Boolean noAssert)
                           在 System.Web.Compilation.BuildManager.CreateInstanceFromVirtualPath(VirtualPath virtualPath, Type requiredBaseType, HttpContext context, Boolean allowCrossApp, Boolean noAssert)
                           在 System.Web.UI.PageHandlerFactory.GetHandlerHelper(HttpContext context, String requestType, VirtualPath virtualPath, String physicalPath)
                           在 System.Web.UI.PageHandlerFactory.GetHandler(HttpContext context, String requestType, String virtualPath, String path)
                           在 System.Web.HttpApplication.MaterializeHandlerExecutionStep.System.Web.HttpApplication.IExecutionStep.Execute()
                           在 System.Web.HttpApplication.ExecuteStep(IExecutionStep step, Boolean& completedSynchronously)
--------------------------------------------------

2017/11/13 9:55:08：Path              = /admin9876/SiteInfo.aspx?sign=40&menuId=41
Time              = 2017-11-13 09:55:08
ClientIP          = ::1
Type              = System.InvalidOperationException, mscorlib, Version=2.0.0.0, Culture=neutral, PublicKeyToken=b77a5c561934e089
Message           = 未启用当前数据库的 SQL Server Service Broker，因此查询通知不受支持。如果希望使用通知，请为此数据库启用 Service Broker。
Source            = System.Data
HelpLink          = 
ReflectionInfo    = Data : System.Collections.ListDictionaryInternal
                        TargetSite : Void .ctor(SqlConnectionContainerHashHelper, System.String, Boolean)
                        
StackTrace        = 
                        Server stack trace: 
                           在 SqlDependencyProcessDispatcher.SqlConnectionContainer..ctor(SqlConnectionContainerHashHelper hashHelper, String appDomainKey, Boolean useDefaults)
                           在 SqlDependencyProcessDispatcher.Start(String connectionString, String& server, DbConnectionPoolIdentity& identity, String& user, String& database, String& queueService, String appDomainKey, SqlDependencyPerAppDomainDispatcher dispatcher, Boolean& errorOccurred, Boolean& appDomainStart, Boolean useDefaults)
                           在 SqlDependencyProcessDispatcher.StartWithDefault(String connectionString, String& server, DbConnectionPoolIdentity& identity, String& user, String& database, String& service, String appDomainKey, SqlDependencyPerAppDomainDispatcher dispatcher, Boolean& errorOccurred, Boolean& appDomainStart)
                           在 System.Runtime.Remoting.Messaging.StackBuilderSink._PrivateProcessMessage(IntPtr md, Object[] args, Object server, Int32 methodPtr, Boolean fExecuteInContext, Object[]& outArgs)
                           在 System.Runtime.Remoting.Messaging.StackBuilderSink.PrivateProcessMessage(RuntimeMethodHandle md, Object[] args, Object server, Int32 methodPtr, Boolean fExecuteInContext, Object[]& outArgs)
                           在 System.Runtime.Remoting.Messaging.StackBuilderSink.SyncProcessMessage(IMessage msg, Int32 methodPtr, Boolean fExecuteInContext)
                        
                        Exception rethrown at [0]: 
                           在 System.Runtime.Remoting.Proxies.RealProxy.HandleReturnMessage(IMessage reqMsg, IMessage retMsg)
                           在 System.Runtime.Remoting.Proxies.RealProxy.PrivateInvoke(MessageData& msgData, Int32 type)
                           在 SqlDependencyProcessDispatcher.StartWithDefault(String connectionString, String& server, DbConnectionPoolIdentity& identity, String& user, String& database, String& service, String appDomainKey, SqlDependencyPerAppDomainDispatcher dispatcher, Boolean& errorOccurred, Boolean& appDomainStart)
                           在 System.Data.SqlClient.SqlDependency.Start(String connectionString, String queue, Boolean useDefaults)
                           在 System.Data.SqlClient.SqlDependency.Start(String connectionString)
                           在 DBAccess.DataBase.AddSqlDependency(String cacheKey, String strSql, IDictionary`2 parameters) 位置 E:\3_ASP\Aiyang_cs\DBAccess2.0\DBAccess\DataBase.cs:行号 43
--------------------------------------------------

2017/11/13 10:01:58：Path              = /admin9876/siteinfo.aspx
Time              = 2017-11-13 10:01:58
ClientIP          = ::1
Type              = System.InvalidOperationException, mscorlib, Version=2.0.0.0, Culture=neutral, PublicKeyToken=b77a5c561934e089
Message           = 未启用当前数据库的 SQL Server Service Broker，因此查询通知不受支持。如果希望使用通知，请为此数据库启用 Service Broker。
Source            = System.Data
HelpLink          = 
ReflectionInfo    = Data : System.Collections.ListDictionaryInternal
                        TargetSite : Void .ctor(SqlConnectionContainerHashHelper, System.String, Boolean)
                        
StackTrace        = 
                        Server stack trace: 
                           在 SqlDependencyProcessDispatcher.SqlConnectionContainer..ctor(SqlConnectionContainerHashHelper hashHelper, String appDomainKey, Boolean useDefaults)
                           在 SqlDependencyProcessDispatcher.Start(String connectionString, String& server, DbConnectionPoolIdentity& identity, String& user, String& database, String& queueService, String appDomainKey, SqlDependencyPerAppDomainDispatcher dispatcher, Boolean& errorOccurred, Boolean& appDomainStart, Boolean useDefaults)
                           在 SqlDependencyProcessDispatcher.StartWithDefault(String connectionString, String& server, DbConnectionPoolIdentity& identity, String& user, String& database, String& service, String appDomainKey, SqlDependencyPerAppDomainDispatcher dispatcher, Boolean& errorOccurred, Boolean& appDomainStart)
                           在 System.Runtime.Remoting.Messaging.StackBuilderSink._PrivateProcessMessage(IntPtr md, Object[] args, Object server, Int32 methodPtr, Boolean fExecuteInContext, Object[]& outArgs)
                           在 System.Runtime.Remoting.Messaging.StackBuilderSink.PrivateProcessMessage(RuntimeMethodHandle md, Object[] args, Object server, Int32 methodPtr, Boolean fExecuteInContext, Object[]& outArgs)
                           在 System.Runtime.Remoting.Messaging.StackBuilderSink.SyncProcessMessage(IMessage msg, Int32 methodPtr, Boolean fExecuteInContext)
                        
                        Exception rethrown at [0]: 
                           在 System.Runtime.Remoting.Proxies.RealProxy.HandleReturnMessage(IMessage reqMsg, IMessage retMsg)
                           在 System.Runtime.Remoting.Proxies.RealProxy.PrivateInvoke(MessageData& msgData, Int32 type)
                           在 SqlDependencyProcessDispatcher.StartWithDefault(String connectionString, String& server, DbConnectionPoolIdentity& identity, String& user, String& database, String& service, String appDomainKey, SqlDependencyPerAppDomainDispatcher dispatcher, Boolean& errorOccurred, Boolean& appDomainStart)
                           在 System.Data.SqlClient.SqlDependency.Start(String connectionString, String queue, Boolean useDefaults)
                           在 System.Data.SqlClient.SqlDependency.Start(String connectionString)
                           在 DBAccess.DataBase.AddSqlDependency(String cacheKey, String strSql, IDictionary`2 parameters) 位置 E:\3_ASP\Aiyang_cs\DBAccess2.0\DBAccess\DataBase.cs:行号 43
--------------------------------------------------

2017/11/13 10:03:42：Path              = /admin9876/SiteInfo.aspx?sign=40&menuId=41
Time              = 2017-11-13 10:03:42
ClientIP          = ::1
Type              = System.InvalidOperationException, mscorlib, Version=2.0.0.0, Culture=neutral, PublicKeyToken=b77a5c561934e089
Message           = 未启用当前数据库的 SQL Server Service Broker，因此查询通知不受支持。如果希望使用通知，请为此数据库启用 Service Broker。
Source            = System.Data
HelpLink          = 
ReflectionInfo    = Data : System.Collections.ListDictionaryInternal
                        TargetSite : Void .ctor(SqlConnectionContainerHashHelper, System.String, Boolean)
                        
StackTrace        = 
                        Server stack trace: 
                           在 SqlDependencyProcessDispatcher.SqlConnectionContainer..ctor(SqlConnectionContainerHashHelper hashHelper, String appDomainKey, Boolean useDefaults)
                           在 SqlDependencyProcessDispatcher.Start(String connectionString, String& server, DbConnectionPoolIdentity& identity, String& user, String& database, String& queueService, String appDomainKey, SqlDependencyPerAppDomainDispatcher dispatcher, Boolean& errorOccurred, Boolean& appDomainStart, Boolean useDefaults)
                           在 SqlDependencyProcessDispatcher.StartWithDefault(String connectionString, String& server, DbConnectionPoolIdentity& identity, String& user, String& database, String& service, String appDomainKey, SqlDependencyPerAppDomainDispatcher dispatcher, Boolean& errorOccurred, Boolean& appDomainStart)
                           在 System.Runtime.Remoting.Messaging.StackBuilderSink._PrivateProcessMessage(IntPtr md, Object[] args, Object server, Int32 methodPtr, Boolean fExecuteInContext, Object[]& outArgs)
                           在 System.Runtime.Remoting.Messaging.StackBuilderSink.PrivateProcessMessage(RuntimeMethodHandle md, Object[] args, Object server, Int32 methodPtr, Boolean fExecuteInContext, Object[]& outArgs)
                           在 System.Runtime.Remoting.Messaging.StackBuilderSink.SyncProcessMessage(IMessage msg, Int32 methodPtr, Boolean fExecuteInContext)
                        
                        Exception rethrown at [0]: 
                           在 System.Runtime.Remoting.Proxies.RealProxy.HandleReturnMessage(IMessage reqMsg, IMessage retMsg)
                           在 System.Runtime.Remoting.Proxies.RealProxy.PrivateInvoke(MessageData& msgData, Int32 type)
                           在 SqlDependencyProcessDispatcher.StartWithDefault(String connectionString, String& server, DbConnectionPoolIdentity& identity, String& user, String& database, String& service, String appDomainKey, SqlDependencyPerAppDomainDispatcher dispatcher, Boolean& errorOccurred, Boolean& appDomainStart)
                           在 System.Data.SqlClient.SqlDependency.Start(String connectionString, String queue, Boolean useDefaults)
                           在 System.Data.SqlClient.SqlDependency.Start(String connectionString)
                           在 DBAccess.DataBase.AddSqlDependency(String cacheKey, String strSql, IDictionary`2 parameters) 位置 E:\3_ASP\Aiyang_cs\DBAccess2.0\DBAccess\DataBase.cs:行号 43
--------------------------------------------------

2017/11/13 10:03:50：Path              = /admin9876/SiteInfo.aspx?sign=40&menuId=41
Time              = 2017-11-13 10:03:50
ClientIP          = ::1
Type              = System.InvalidOperationException, mscorlib, Version=2.0.0.0, Culture=neutral, PublicKeyToken=b77a5c561934e089
Message           = 未启用当前数据库的 SQL Server Service Broker，因此查询通知不受支持。如果希望使用通知，请为此数据库启用 Service Broker。
Source            = System.Data
HelpLink          = 
ReflectionInfo    = Data : System.Collections.ListDictionaryInternal
                        TargetSite : Void .ctor(SqlConnectionContainerHashHelper, System.String, Boolean)
                        
StackTrace        = 
                        Server stack trace: 
                           在 SqlDependencyProcessDispatcher.SqlConnectionContainer..ctor(SqlConnectionContainerHashHelper hashHelper, String appDomainKey, Boolean useDefaults)
                           在 SqlDependencyProcessDispatcher.Start(String connectionString, String& server, DbConnectionPoolIdentity& identity, String& user, String& database, String& queueService, String appDomainKey, SqlDependencyPerAppDomainDispatcher dispatcher, Boolean& errorOccurred, Boolean& appDomainStart, Boolean useDefaults)
                           在 SqlDependencyProcessDispatcher.StartWithDefault(String connectionString, String& server, DbConnectionPoolIdentity& identity, String& user, String& database, String& service, String appDomainKey, SqlDependencyPerAppDomainDispatcher dispatcher, Boolean& errorOccurred, Boolean& appDomainStart)
                           在 System.Runtime.Remoting.Messaging.StackBuilderSink._PrivateProcessMessage(IntPtr md, Object[] args, Object server, Int32 methodPtr, Boolean fExecuteInContext, Object[]& outArgs)
                           在 System.Runtime.Remoting.Messaging.StackBuilderSink.PrivateProcessMessage(RuntimeMethodHandle md, Object[] args, Object server, Int32 methodPtr, Boolean fExecuteInContext, Object[]& outArgs)
                           在 System.Runtime.Remoting.Messaging.StackBuilderSink.SyncProcessMessage(IMessage msg, Int32 methodPtr, Boolean fExecuteInContext)
                        
                        Exception rethrown at [0]: 
                           在 System.Runtime.Remoting.Proxies.RealProxy.HandleReturnMessage(IMessage reqMsg, IMessage retMsg)
                           在 System.Runtime.Remoting.Proxies.RealProxy.PrivateInvoke(MessageData& msgData, Int32 type)
                           在 SqlDependencyProcessDispatcher.StartWithDefault(String connectionString, String& server, DbConnectionPoolIdentity& identity, String& user, String& database, String& service, String appDomainKey, SqlDependencyPerAppDomainDispatcher dispatcher, Boolean& errorOccurred, Boolean& appDomainStart)
                           在 System.Data.SqlClient.SqlDependency.Start(String connectionString, String queue, Boolean useDefaults)
                           在 System.Data.SqlClient.SqlDependency.Start(String connectionString)
                           在 DBAccess.DataBase.AddSqlDependency(String cacheKey, String strSql, IDictionary`2 parameters) 位置 E:\3_ASP\Aiyang_cs\DBAccess2.0\DBAccess\DataBase.cs:行号 43
--------------------------------------------------

2017/11/13 10:08:15：Path              = /admin9876/CahceManage.aspx?sign=40&menuId=42
Time              = 2017-11-13 10:08:15
ClientIP          = ::1
Type              = System.Web.HttpParseException, System.Web, Version=2.0.0.0, Culture=neutral, PublicKeyToken=b03f5f7f11d50a3a
Message           = 未能找到文件“E:\3_ASP\Aiyang_web\Top.aspx”。
Source            = System.Web
HelpLink          = 
ReflectionInfo    = FileName : E:\3_ASP\Aiyang_web\admin9876\CahceManage.aspx
                        VirtualPath : /admin9876/CahceManage.aspx
                        Line : 3
                        ParserErrors : System.Web.ParserErrorCollection
                        ErrorCode : -2147467259
                        Data : System.Collections.ListDictionaryInternal
                        TargetSite : Void ParseString(System.String, System.Web.VirtualPath, System.Text.Encoding)
                        
StackTrace        =    在 System.Web.UI.TemplateParser.ParseString(String text, VirtualPath virtualPath, Encoding fileEncoding)
                           在 System.Web.UI.TemplateParser.ParseReader(StreamReader reader, VirtualPath virtualPath)
                           在 System.Web.UI.TemplateParser.ParseFile(String physicalPath, VirtualPath virtualPath)
                           在 System.Web.UI.TemplateParser.ParseInternal()
                           在 System.Web.UI.TemplateParser.Parse()
                           在 System.Web.UI.TemplateParser.Parse(ICollection referencedAssemblies, VirtualPath virtualPath)
                           在 System.Web.Compilation.BaseTemplateBuildProvider.get_CodeCompilerType()
                           在 System.Web.Compilation.BuildProvider.GetCompilerTypeFromBuildProvider(BuildProvider buildProvider)
                           在 System.Web.Compilation.BuildProvidersCompiler.ProcessBuildProviders()
                           在 System.Web.Compilation.BuildProvidersCompiler.PerformBuild()
                           在 System.Web.Compilation.BuildManager.CompileWebFile(VirtualPath virtualPath)
                           在 System.Web.Compilation.BuildManager.GetVPathBuildResultInternal(VirtualPath virtualPath, Boolean noBuild, Boolean allowCrossApp, Boolean allowBuildInPrecompile)
                           在 System.Web.Compilation.BuildManager.GetVPathBuildResultWithNoAssert(HttpContext context, VirtualPath virtualPath, Boolean noBuild, Boolean allowCrossApp, Boolean allowBuildInPrecompile)
                           在 System.Web.Compilation.BuildManager.GetVirtualPathObjectFactory(VirtualPath virtualPath, HttpContext context, Boolean allowCrossApp, Boolean noAssert)
                           在 System.Web.Compilation.BuildManager.CreateInstanceFromVirtualPath(VirtualPath virtualPath, Type requiredBaseType, HttpContext context, Boolean allowCrossApp, Boolean noAssert)
                           在 System.Web.UI.PageHandlerFactory.GetHandlerHelper(HttpContext context, String requestType, VirtualPath virtualPath, String physicalPath)
                           在 System.Web.UI.PageHandlerFactory.GetHandler(HttpContext context, String requestType, String virtualPath, String path)
                           在 System.Web.HttpApplication.MaterializeHandlerExecutionStep.System.Web.HttpApplication.IExecutionStep.Execute()
                           在 System.Web.HttpApplication.ExecuteStep(IExecutionStep step, Boolean& completedSynchronously)
--------------------------------------------------

2017/11/13 10:22:36：Path              = /admin9876/CahceManage.aspx?sign=40&menuId=42
Time              = 2017-11-13 10:22:36
ClientIP          = ::1
Type              = System.Web.HttpParseException, System.Web, Version=2.0.0.0, Culture=neutral, PublicKeyToken=b03f5f7f11d50a3a
Message           = “System.Web.UI.WebControls.ListItemCollection”内不允许包含文字内容(“</div>”)。
Source            = System.Web
HelpLink          = 
ReflectionInfo    = FileName : E:\3_ASP\Aiyang_web\admin9876\CahceManage.aspx
                        VirtualPath : /admin9876/CahceManage.aspx
                        Line : 65
                        ParserErrors : System.Web.ParserErrorCollection
                        ErrorCode : -2147467259
                        Data : System.Collections.ListDictionaryInternal
                        TargetSite : Void ParseString(System.String, System.Web.VirtualPath, System.Text.Encoding)
                        
StackTrace        =    在 System.Web.UI.TemplateParser.ParseString(String text, VirtualPath virtualPath, Encoding fileEncoding)
                           在 System.Web.UI.TemplateParser.ParseReader(StreamReader reader, VirtualPath virtualPath)
                           在 System.Web.UI.TemplateParser.ParseFile(String physicalPath, VirtualPath virtualPath)
                           在 System.Web.UI.TemplateParser.ParseInternal()
                           在 System.Web.UI.TemplateParser.Parse()
                           在 System.Web.UI.TemplateParser.Parse(ICollection referencedAssemblies, VirtualPath virtualPath)
                           在 System.Web.Compilation.BaseTemplateBuildProvider.get_CodeCompilerType()
                           在 System.Web.Compilation.BuildProvider.GetCompilerTypeFromBuildProvider(BuildProvider buildProvider)
                           在 System.Web.Compilation.BuildProvidersCompiler.ProcessBuildProviders()
                           在 System.Web.Compilation.BuildProvidersCompiler.PerformBuild()
                           在 System.Web.Compilation.BuildManager.CompileWebFile(VirtualPath virtualPath)
                           在 System.Web.Compilation.BuildManager.GetVPathBuildResultInternal(VirtualPath virtualPath, Boolean noBuild, Boolean allowCrossApp, Boolean allowBuildInPrecompile)
                           在 System.Web.Compilation.BuildManager.GetVPathBuildResultWithNoAssert(HttpContext context, VirtualPath virtualPath, Boolean noBuild, Boolean allowCrossApp, Boolean allowBuildInPrecompile)
                           在 System.Web.Compilation.BuildManager.GetVirtualPathObjectFactory(VirtualPath virtualPath, HttpContext context, Boolean allowCrossApp, Boolean noAssert)
                           在 System.Web.Compilation.BuildManager.CreateInstanceFromVirtualPath(VirtualPath virtualPath, Type requiredBaseType, HttpContext context, Boolean allowCrossApp, Boolean noAssert)
                           在 System.Web.UI.PageHandlerFactory.GetHandlerHelper(HttpContext context, String requestType, VirtualPath virtualPath, String physicalPath)
                           在 System.Web.UI.PageHandlerFactory.GetHandler(HttpContext context, String requestType, String virtualPath, String path)
                           在 System.Web.HttpApplication.MaterializeHandlerExecutionStep.System.Web.HttpApplication.IExecutionStep.Execute()
                           在 System.Web.HttpApplication.ExecuteStep(IExecutionStep step, Boolean& completedSynchronously)
--------------------------------------------------

2017/11/13 10:35:02：Path              = /admin9876/SiteInfo.aspx?sign=40&menuId=41
Time              = 2017-11-13 10:35:02
ClientIP          = ::1
Type              = System.InvalidOperationException, mscorlib, Version=2.0.0.0, Culture=neutral, PublicKeyToken=b77a5c561934e089
Message           = 未启用当前数据库的 SQL Server Service Broker，因此查询通知不受支持。如果希望使用通知，请为此数据库启用 Service Broker。
Source            = System.Data
HelpLink          = 
ReflectionInfo    = Data : System.Collections.ListDictionaryInternal
                        TargetSite : Void .ctor(SqlConnectionContainerHashHelper, System.String, Boolean)
                        
StackTrace        = 
                        Server stack trace: 
                           在 SqlDependencyProcessDispatcher.SqlConnectionContainer..ctor(SqlConnectionContainerHashHelper hashHelper, String appDomainKey, Boolean useDefaults)
                           在 SqlDependencyProcessDispatcher.Start(String connectionString, String& server, DbConnectionPoolIdentity& identity, String& user, String& database, String& queueService, String appDomainKey, SqlDependencyPerAppDomainDispatcher dispatcher, Boolean& errorOccurred, Boolean& appDomainStart, Boolean useDefaults)
                           在 SqlDependencyProcessDispatcher.StartWithDefault(String connectionString, String& server, DbConnectionPoolIdentity& identity, String& user, String& database, String& service, String appDomainKey, SqlDependencyPerAppDomainDispatcher dispatcher, Boolean& errorOccurred, Boolean& appDomainStart)
                           在 System.Runtime.Remoting.Messaging.StackBuilderSink._PrivateProcessMessage(IntPtr md, Object[] args, Object server, Int32 methodPtr, Boolean fExecuteInContext, Object[]& outArgs)
                           在 System.Runtime.Remoting.Messaging.StackBuilderSink.PrivateProcessMessage(RuntimeMethodHandle md, Object[] args, Object server, Int32 methodPtr, Boolean fExecuteInContext, Object[]& outArgs)
                           在 System.Runtime.Remoting.Messaging.StackBuilderSink.SyncProcessMessage(IMessage msg, Int32 methodPtr, Boolean fExecuteInContext)
                        
                        Exception rethrown at [0]: 
                           在 System.Runtime.Remoting.Proxies.RealProxy.HandleReturnMessage(IMessage reqMsg, IMessage retMsg)
                           在 System.Runtime.Remoting.Proxies.RealProxy.PrivateInvoke(MessageData& msgData, Int32 type)
                           在 SqlDependencyProcessDispatcher.StartWithDefault(String connectionString, String& server, DbConnectionPoolIdentity& identity, String& user, String& database, String& service, String appDomainKey, SqlDependencyPerAppDomainDispatcher dispatcher, Boolean& errorOccurred, Boolean& appDomainStart)
                           在 System.Data.SqlClient.SqlDependency.Start(String connectionString, String queue, Boolean useDefaults)
                           在 System.Data.SqlClient.SqlDependency.Start(String connectionString)
                           在 DBAccess.DataBase.AddSqlDependency(String cacheKey, String strSql, IDictionary`2 parameters) 位置 E:\3_ASP\Aiyang_cs\DBAccess2.0\DBAccess\DataBase.cs:行号 43
--------------------------------------------------

2017/11/13 10:58:35：Path              = /admin9876/SiteInfo.aspx?sign=40&menuId=41
Time              = 2017-11-13 10:58:35
ClientIP          = ::1
Type              = System.InvalidOperationException, mscorlib, Version=2.0.0.0, Culture=neutral, PublicKeyToken=b77a5c561934e089
Message           = 未启用当前数据库的 SQL Server Service Broker，因此查询通知不受支持。如果希望使用通知，请为此数据库启用 Service Broker。
Source            = System.Data
HelpLink          = 
ReflectionInfo    = Data : System.Collections.ListDictionaryInternal
                        TargetSite : Void .ctor(SqlConnectionContainerHashHelper, System.String, Boolean)
                        
StackTrace        = 
                        Server stack trace: 
                           在 SqlDependencyProcessDispatcher.SqlConnectionContainer..ctor(SqlConnectionContainerHashHelper hashHelper, String appDomainKey, Boolean useDefaults)
                           在 SqlDependencyProcessDispatcher.Start(String connectionString, String& server, DbConnectionPoolIdentity& identity, String& user, String& database, String& queueService, String appDomainKey, SqlDependencyPerAppDomainDispatcher dispatcher, Boolean& errorOccurred, Boolean& appDomainStart, Boolean useDefaults)
                           在 SqlDependencyProcessDispatcher.StartWithDefault(String connectionString, String& server, DbConnectionPoolIdentity& identity, String& user, String& database, String& service, String appDomainKey, SqlDependencyPerAppDomainDispatcher dispatcher, Boolean& errorOccurred, Boolean& appDomainStart)
                           在 System.Runtime.Remoting.Messaging.StackBuilderSink._PrivateProcessMessage(IntPtr md, Object[] args, Object server, Int32 methodPtr, Boolean fExecuteInContext, Object[]& outArgs)
                           在 System.Runtime.Remoting.Messaging.StackBuilderSink.PrivateProcessMessage(RuntimeMethodHandle md, Object[] args, Object server, Int32 methodPtr, Boolean fExecuteInContext, Object[]& outArgs)
                           在 System.Runtime.Remoting.Messaging.StackBuilderSink.SyncProcessMessage(IMessage msg, Int32 methodPtr, Boolean fExecuteInContext)
                        
                        Exception rethrown at [0]: 
                           在 System.Runtime.Remoting.Proxies.RealProxy.HandleReturnMessage(IMessage reqMsg, IMessage retMsg)
                           在 System.Runtime.Remoting.Proxies.RealProxy.PrivateInvoke(MessageData& msgData, Int32 type)
                           在 SqlDependencyProcessDispatcher.StartWithDefault(String connectionString, String& server, DbConnectionPoolIdentity& identity, String& user, String& database, String& service, String appDomainKey, SqlDependencyPerAppDomainDispatcher dispatcher, Boolean& errorOccurred, Boolean& appDomainStart)
                           在 System.Data.SqlClient.SqlDependency.Start(String connectionString, String queue, Boolean useDefaults)
                           在 System.Data.SqlClient.SqlDependency.Start(String connectionString)
                           在 DBAccess.DataBase.AddSqlDependency(String cacheKey, String strSql, IDictionary`2 parameters) 位置 E:\3_ASP\Aiyang_cs\DBAccess2.0\DBAccess\DataBase.cs:行号 43
--------------------------------------------------

2017/11/13 11:14:46：Path              = /admin9876/CleanUpData.aspx?sign=40&menuId=44
Time              = 2017-11-13 11:14:46
ClientIP          = ::1
Type              = System.Web.HttpParseException, System.Web, Version=2.0.0.0, Culture=neutral, PublicKeyToken=b03f5f7f11d50a3a
Message           = 服务器标记的格式不正确。
Source            = System.Web
HelpLink          = 
ReflectionInfo    = FileName : E:\3_ASP\Aiyang_web\admin9876\CleanUpData.aspx
                        VirtualPath : /admin9876/CleanUpData.aspx
                        Line : 112
                        ParserErrors : System.Web.ParserErrorCollection
                        ErrorCode : -2147467259
                        Data : System.Collections.ListDictionaryInternal
                        TargetSite : Void ParseString(System.String, System.Web.VirtualPath, System.Text.Encoding)
                        
StackTrace        =    在 System.Web.UI.TemplateParser.ParseString(String text, VirtualPath virtualPath, Encoding fileEncoding)
                           在 System.Web.UI.TemplateParser.ParseReader(StreamReader reader, VirtualPath virtualPath)
                           在 System.Web.UI.TemplateParser.ParseFile(String physicalPath, VirtualPath virtualPath)
                           在 System.Web.UI.TemplateParser.ParseInternal()
                           在 System.Web.UI.TemplateParser.Parse()
                           在 System.Web.UI.TemplateParser.Parse(ICollection referencedAssemblies, VirtualPath virtualPath)
                           在 System.Web.Compilation.BaseTemplateBuildProvider.get_CodeCompilerType()
                           在 System.Web.Compilation.BuildProvider.GetCompilerTypeFromBuildProvider(BuildProvider buildProvider)
                           在 System.Web.Compilation.BuildProvidersCompiler.ProcessBuildProviders()
                           在 System.Web.Compilation.BuildProvidersCompiler.PerformBuild()
                           在 System.Web.Compilation.BuildManager.CompileWebFile(VirtualPath virtualPath)
                           在 System.Web.Compilation.BuildManager.GetVPathBuildResultInternal(VirtualPath virtualPath, Boolean noBuild, Boolean allowCrossApp, Boolean allowBuildInPrecompile)
                           在 System.Web.Compilation.BuildManager.GetVPathBuildResultWithNoAssert(HttpContext context, VirtualPath virtualPath, Boolean noBuild, Boolean allowCrossApp, Boolean allowBuildInPrecompile)
                           在 System.Web.Compilation.BuildManager.GetVirtualPathObjectFactory(VirtualPath virtualPath, HttpContext context, Boolean allowCrossApp, Boolean noAssert)
                           在 System.Web.Compilation.BuildManager.CreateInstanceFromVirtualPath(VirtualPath virtualPath, Type requiredBaseType, HttpContext context, Boolean allowCrossApp, Boolean noAssert)
                           在 System.Web.UI.PageHandlerFactory.GetHandlerHelper(HttpContext context, String requestType, VirtualPath virtualPath, String physicalPath)
                           在 System.Web.UI.PageHandlerFactory.GetHandler(HttpContext context, String requestType, String virtualPath, String path)
                           在 System.Web.HttpApplication.MaterializeHandlerExecutionStep.System.Web.HttpApplication.IExecutionStep.Execute()
                           在 System.Web.HttpApplication.ExecuteStep(IExecutionStep step, Boolean& completedSynchronously)
--------------------------------------------------

2017/11/13 11:14:46：Path              = /admin9876/CleanUpData.aspx?sign=40&menuId=44
Time              = 2017-11-13 11:14:46
ClientIP          = ::1
Type              = System.Web.HttpException, System.Web, Version=2.0.0.0, Culture=neutral, PublicKeyToken=b03f5f7f11d50a3a
Message           = 服务器标记的格式不正确。
Source            = System.Web
HelpLink          = 
ReflectionInfo    = ErrorCode : -2147467259
                        Data : System.Collections.ListDictionaryInternal
                        TargetSite : Void ProcessError(System.String)
                        
StackTrace        =    在 System.Web.UI.TemplateParser.ProcessError(String message)
                           在 System.Web.UI.TemplateParser.DetectSpecialServerTagError(String text, Int32 textPos)
                           在 System.Web.UI.TemplateParser.ParseStringInternal(String text, Encoding fileEncoding)
                           在 System.Web.UI.TemplateParser.ParseString(String text, VirtualPath virtualPath, Encoding fileEncoding)
--------------------------------------------------

2017/11/13 13:14:24：Path              = /admin9876/SiteInfo.aspx?sign=40&menuId=41
Time              = 2017-11-13 13:14:24
ClientIP          = ::1
Type              = System.InvalidOperationException, mscorlib, Version=2.0.0.0, Culture=neutral, PublicKeyToken=b77a5c561934e089
Message           = 未启用当前数据库的 SQL Server Service Broker，因此查询通知不受支持。如果希望使用通知，请为此数据库启用 Service Broker。
Source            = System.Data
HelpLink          = 
ReflectionInfo    = Data : System.Collections.ListDictionaryInternal
                        TargetSite : Void .ctor(SqlConnectionContainerHashHelper, System.String, Boolean)
                        
StackTrace        = 
                        Server stack trace: 
                           在 SqlDependencyProcessDispatcher.SqlConnectionContainer..ctor(SqlConnectionContainerHashHelper hashHelper, String appDomainKey, Boolean useDefaults)
                           在 SqlDependencyProcessDispatcher.Start(String connectionString, String& server, DbConnectionPoolIdentity& identity, String& user, String& database, String& queueService, String appDomainKey, SqlDependencyPerAppDomainDispatcher dispatcher, Boolean& errorOccurred, Boolean& appDomainStart, Boolean useDefaults)
                           在 SqlDependencyProcessDispatcher.StartWithDefault(String connectionString, String& server, DbConnectionPoolIdentity& identity, String& user, String& database, String& service, String appDomainKey, SqlDependencyPerAppDomainDispatcher dispatcher, Boolean& errorOccurred, Boolean& appDomainStart)
                           在 System.Runtime.Remoting.Messaging.StackBuilderSink._PrivateProcessMessage(IntPtr md, Object[] args, Object server, Int32 methodPtr, Boolean fExecuteInContext, Object[]& outArgs)
                           在 System.Runtime.Remoting.Messaging.StackBuilderSink.PrivateProcessMessage(RuntimeMethodHandle md, Object[] args, Object server, Int32 methodPtr, Boolean fExecuteInContext, Object[]& outArgs)
                           在 System.Runtime.Remoting.Messaging.StackBuilderSink.SyncProcessMessage(IMessage msg, Int32 methodPtr, Boolean fExecuteInContext)
                        
                        Exception rethrown at [0]: 
                           在 System.Runtime.Remoting.Proxies.RealProxy.HandleReturnMessage(IMessage reqMsg, IMessage retMsg)
                           在 System.Runtime.Remoting.Proxies.RealProxy.PrivateInvoke(MessageData& msgData, Int32 type)
                           在 SqlDependencyProcessDispatcher.StartWithDefault(String connectionString, String& server, DbConnectionPoolIdentity& identity, String& user, String& database, String& service, String appDomainKey, SqlDependencyPerAppDomainDispatcher dispatcher, Boolean& errorOccurred, Boolean& appDomainStart)
                           在 System.Data.SqlClient.SqlDependency.Start(String connectionString, String queue, Boolean useDefaults)
                           在 System.Data.SqlClient.SqlDependency.Start(String connectionString)
                           在 DBAccess.DataBase.AddSqlDependency(String cacheKey, String strSql, IDictionary`2 parameters) 位置 E:\3_ASP\Aiyang_cs\DBAccess2.0\DBAccess\DataBase.cs:行号 43
--------------------------------------------------

2017/11/13 13:52:33：Path              = /admin9876/News/NewsEdit.aspx?id=104
Time              = 2017-11-13 13:52:33
ClientIP          = ::1
Type              = System.Web.HttpUnhandledException, System.Web, Version=2.0.0.0, Culture=neutral, PublicKeyToken=b03f5f7f11d50a3a
Message           = 引发类型为“System.Web.HttpUnhandledException”的异常。
Source            = System.Web
HelpLink          = 
ReflectionInfo    = ErrorCode : -2147467259
                        Data : System.Collections.ListDictionaryInternal
                        TargetSite : Boolean HandleError(System.Exception)
                        
StackTrace        =    在 System.Web.UI.Page.HandleError(Exception e)
                           在 System.Web.UI.Page.ProcessRequestMain(Boolean includeStagesBeforeAsyncPoint, Boolean includeStagesAfterAsyncPoint)
                           在 System.Web.UI.Page.ProcessRequest(Boolean includeStagesBeforeAsyncPoint, Boolean includeStagesAfterAsyncPoint)
                           在 System.Web.UI.Page.ProcessRequest()
                           在 System.Web.UI.Page.ProcessRequestWithNoAssert(HttpContext context)
                           在 System.Web.UI.Page.ProcessRequest(HttpContext context)
                           在 ASP.admin9876_news_newsedit_aspx.ProcessRequest(HttpContext context) 位置 c:\Windows\Microsoft.NET\Framework\v2.0.50727\Temporary ASP.NET Files\root\2c698c89\32fb458\App_Web_x-5zjysq.0.cs:行号 0
                           在 System.Web.HttpApplication.CallHandlerExecutionStep.System.Web.HttpApplication.IExecutionStep.Execute()
                           在 System.Web.HttpApplication.ExecuteStep(IExecutionStep step, Boolean& completedSynchronously)
--------------------------------------------------

2017/11/13 13:52:33：Path              = /admin9876/News/NewsEdit.aspx?id=104
Time              = 2017-11-13 13:52:33
ClientIP          = ::1
Type              = System.Web.HttpException, System.Web, Version=2.0.0.0, Culture=neutral, PublicKeyToken=b03f5f7f11d50a3a
Message           = 控件包含代码块(即 <% ... %>)，因此无法修改控件集合。
Source            = System.Web
HelpLink          = 
ReflectionInfo    = ErrorCode : -2147467259
                        Data : System.Collections.ListDictionaryInternal
                        TargetSite : Void Add(System.Web.UI.Control)
                        
StackTrace        =    在 System.Web.UI.ControlCollection.Add(Control child)
                           在 System.Web.UI.HtmlControls.HtmlContainerControl.set_InnerHtml(String value)
                           在 System.Web.UI.HtmlControls.HtmlContainerControl.set_InnerText(String value)
                           在 System.Web.UI.HtmlControls.HtmlTextArea.LoadPostData(String postDataKey, NameValueCollection postCollection)
                           在 System.Web.UI.HtmlControls.HtmlTextArea.System.Web.UI.IPostBackDataHandler.LoadPostData(String postDataKey, NameValueCollection postCollection)
                           在 System.Web.UI.Page.ProcessPostData(NameValueCollection postData, Boolean fBeforeLoad)
                           在 System.Web.UI.Page.ProcessRequestMain(Boolean includeStagesBeforeAsyncPoint, Boolean includeStagesAfterAsyncPoint)
--------------------------------------------------

2017/11/13 13:56:34：Path              = /admin9876/News/NewsEdit.aspx?id=104
Time              = 2017-11-13 13:56:34
ClientIP          = ::1
Type              = System.Web.HttpParseException, System.Web, Version=2.0.0.0, Culture=neutral, PublicKeyToken=b03f5f7f11d50a3a
Message           = 基类包括字段“hfcontent”，但其类型(System.Web.UI.WebControls.HiddenField)与控件(System.Web.UI.HtmlControls.HtmlTextArea)的类型不兼容。
Source            = System.Web
HelpLink          = 
ReflectionInfo    = FileName : E:\3_ASP\Aiyang_web\admin9876\News\NewsEdit.aspx
                        VirtualPath : /admin9876/News/NewsEdit.aspx
                        Line : 1
                        ParserErrors : System.Web.ParserErrorCollection
                        ErrorCode : -2147467259
                        Data : System.Collections.ListDictionaryInternal
                        TargetSite : Void AddBuildProvider(System.Web.Compilation.BuildProvider)
                        
StackTrace        =    在 System.Web.Compilation.AssemblyBuilder.AddBuildProvider(BuildProvider buildProvider)
                           在 System.Web.Compilation.BuildProvidersCompiler.ProcessBuildProviders()
                           在 System.Web.Compilation.BuildProvidersCompiler.PerformBuild()
                           在 System.Web.Compilation.BuildManager.CompileWebFile(VirtualPath virtualPath)
                           在 System.Web.Compilation.BuildManager.GetVPathBuildResultInternal(VirtualPath virtualPath, Boolean noBuild, Boolean allowCrossApp, Boolean allowBuildInPrecompile)
                           在 System.Web.Compilation.BuildManager.GetVPathBuildResultWithNoAssert(HttpContext context, VirtualPath virtualPath, Boolean noBuild, Boolean allowCrossApp, Boolean allowBuildInPrecompile)
                           在 System.Web.Compilation.BuildManager.GetVirtualPathObjectFactory(VirtualPath virtualPath, HttpContext context, Boolean allowCrossApp, Boolean noAssert)
                           在 System.Web.Compilation.BuildManager.CreateInstanceFromVirtualPath(VirtualPath virtualPath, Type requiredBaseType, HttpContext context, Boolean allowCrossApp, Boolean noAssert)
                           在 System.Web.UI.PageHandlerFactory.GetHandlerHelper(HttpContext context, String requestType, VirtualPath virtualPath, String physicalPath)
                           在 System.Web.UI.PageHandlerFactory.GetHandler(HttpContext context, String requestType, String virtualPath, String path)
                           在 System.Web.HttpApplication.MaterializeHandlerExecutionStep.System.Web.HttpApplication.IExecutionStep.Execute()
                           在 System.Web.HttpApplication.ExecuteStep(IExecutionStep step, Boolean& completedSynchronously)
--------------------------------------------------

2017/11/13 13:56:34：Path              = /admin9876/News/NewsEdit.aspx?id=104
Time              = 2017-11-13 13:56:34
ClientIP          = ::1
Type              = System.Web.HttpParseException, System.Web, Version=2.0.0.0, Culture=neutral, PublicKeyToken=b03f5f7f11d50a3a
Message           = 基类包括字段“hfcontent”，但其类型(System.Web.UI.WebControls.HiddenField)与控件(System.Web.UI.HtmlControls.HtmlTextArea)的类型不兼容。
Source            = System.Web
HelpLink          = 
ReflectionInfo    = FileName : E:\3_ASP\Aiyang_web\admin9876\News\NewsEdit.aspx
                        VirtualPath : /admin9876/News/NewsEdit.aspx
                        Line : 129
                        ParserErrors : System.Web.ParserErrorCollection
                        ErrorCode : -2147467259
                        Data : System.Collections.ListDictionaryInternal
                        TargetSite : Void BuildFieldDeclaration(System.Web.UI.ControlBuilder)
                        
StackTrace        =    在 System.Web.Compilation.BaseTemplateCodeDomTreeGenerator.BuildFieldDeclaration(ControlBuilder builder)
                           在 System.Web.Compilation.BaseTemplateCodeDomTreeGenerator.BuildSourceDataTreeFromBuilder(ControlBuilder builder, Boolean fInTemplate, Boolean topLevelControlInTemplate, PropertyEntry pse)
                           在 System.Web.Compilation.BaseTemplateCodeDomTreeGenerator.BuildSourceDataTreeFromBuilder(ControlBuilder builder, Boolean fInTemplate, Boolean topLevelControlInTemplate, PropertyEntry pse)
                           在 System.Web.Compilation.BaseTemplateCodeDomTreeGenerator.BuildSourceDataTreeFromBuilder(ControlBuilder builder, Boolean fInTemplate, Boolean topLevelControlInTemplate, PropertyEntry pse)
                           在 System.Web.Compilation.TemplateControlCodeDomTreeGenerator.BuildMiscClassMembers()
                           在 System.Web.Compilation.PageCodeDomTreeGenerator.BuildMiscClassMembers()
                           在 System.Web.Compilation.BaseCodeDomTreeGenerator.BuildSourceDataTree()
                           在 System.Web.Compilation.BaseCodeDomTreeGenerator.GetCodeDomTree(CodeDomProvider codeDomProvider, StringResourceBuilder stringResourceBuilder, VirtualPath virtualPath)
                           在 System.Web.Compilation.BaseTemplateBuildProvider.GenerateCode(AssemblyBuilder assemblyBuilder)
                           在 System.Web.Compilation.AssemblyBuilder.AddBuildProvider(BuildProvider buildProvider)
--------------------------------------------------

2017/11/13 13:59:06：Path              = /admin9876/News/NewsEdit.aspx?sign=45&menuId=47
Time              = 2017-11-13 13:59:06
ClientIP          = ::1
Type              = System.Web.HttpUnhandledException, System.Web, Version=2.0.0.0, Culture=neutral, PublicKeyToken=b03f5f7f11d50a3a
Message           = 引发类型为“System.Web.HttpUnhandledException”的异常。
Source            = System.Web
HelpLink          = 
ReflectionInfo    = ErrorCode : -2147467259
                        Data : System.Collections.ListDictionaryInternal
                        TargetSite : Boolean HandleError(System.Exception)
                        
StackTrace        =    在 System.Web.UI.Page.HandleError(Exception e)
                           在 System.Web.UI.Page.ProcessRequestMain(Boolean includeStagesBeforeAsyncPoint, Boolean includeStagesAfterAsyncPoint)
                           在 System.Web.UI.Page.ProcessRequest(Boolean includeStagesBeforeAsyncPoint, Boolean includeStagesAfterAsyncPoint)
                           在 System.Web.UI.Page.ProcessRequest()
                           在 System.Web.UI.Page.ProcessRequestWithNoAssert(HttpContext context)
                           在 System.Web.UI.Page.ProcessRequest(HttpContext context)
                           在 ASP.admin9876_news_newsedit_aspx.ProcessRequest(HttpContext context) 位置 c:\Windows\Microsoft.NET\Framework\v2.0.50727\Temporary ASP.NET Files\root\2c698c89\32fb458\App_Web_ghlis6by.0.cs:行号 0
                           在 System.Web.HttpApplication.CallHandlerExecutionStep.System.Web.HttpApplication.IExecutionStep.Execute()
                           在 System.Web.HttpApplication.ExecuteStep(IExecutionStep step, Boolean& completedSynchronously)
--------------------------------------------------

2017/11/13 13:59:06：Path              = /admin9876/News/NewsEdit.aspx?sign=45&menuId=47
Time              = 2017-11-13 13:59:06
ClientIP          = ::1
Type              = System.Web.HttpException, System.Web, Version=2.0.0.0, Culture=neutral, PublicKeyToken=b03f5f7f11d50a3a
Message           = 控件包含代码块(即 <% ... %>)，因此无法修改控件集合。
Source            = System.Web
HelpLink          = 
ReflectionInfo    = ErrorCode : -2147467259
                        Data : System.Collections.ListDictionaryInternal
                        TargetSite : Void Add(System.Web.UI.Control)
                        
StackTrace        =    在 System.Web.UI.ControlCollection.Add(Control child)
                           在 System.Web.UI.HtmlControls.HtmlContainerControl.set_InnerHtml(String value)
                           在 System.Web.UI.HtmlControls.HtmlContainerControl.set_InnerText(String value)
                           在 System.Web.UI.HtmlControls.HtmlTextArea.LoadPostData(String postDataKey, NameValueCollection postCollection)
                           在 System.Web.UI.HtmlControls.HtmlTextArea.System.Web.UI.IPostBackDataHandler.LoadPostData(String postDataKey, NameValueCollection postCollection)
                           在 System.Web.UI.Page.ProcessPostData(NameValueCollection postData, Boolean fBeforeLoad)
                           在 System.Web.UI.Page.ProcessRequestMain(Boolean includeStagesBeforeAsyncPoint, Boolean includeStagesAfterAsyncPoint)
--------------------------------------------------

2017/11/13 14:43:51：Path              = /admin9876/Manage.aspx?sign=48&menuId=50
Time              = 2017-11-13 14:43:51
ClientIP          = ::1
Type              = System.Web.HttpParseException, System.Web, Version=2.0.0.0, Culture=neutral, PublicKeyToken=b03f5f7f11d50a3a
Message           = 未能找到文件“E:\3_ASP\Aiyang_web\Top.aspx”。
Source            = System.Web
HelpLink          = 
ReflectionInfo    = FileName : E:\3_ASP\Aiyang_web\admin9876\Manage.aspx
                        VirtualPath : /admin9876/Manage.aspx
                        Line : 3
                        ParserErrors : System.Web.ParserErrorCollection
                        ErrorCode : -2147467259
                        Data : System.Collections.ListDictionaryInternal
                        TargetSite : Void ParseString(System.String, System.Web.VirtualPath, System.Text.Encoding)
                        
StackTrace        =    在 System.Web.UI.TemplateParser.ParseString(String text, VirtualPath virtualPath, Encoding fileEncoding)
                           在 System.Web.UI.TemplateParser.ParseReader(StreamReader reader, VirtualPath virtualPath)
                           在 System.Web.UI.TemplateParser.ParseFile(String physicalPath, VirtualPath virtualPath)
                           在 System.Web.UI.TemplateParser.ParseInternal()
                           在 System.Web.UI.TemplateParser.Parse()
                           在 System.Web.UI.TemplateParser.Parse(ICollection referencedAssemblies, VirtualPath virtualPath)
                           在 System.Web.Compilation.BaseTemplateBuildProvider.get_CodeCompilerType()
                           在 System.Web.Compilation.BuildProvider.GetCompilerTypeFromBuildProvider(BuildProvider buildProvider)
                           在 System.Web.Compilation.BuildProvidersCompiler.ProcessBuildProviders()
                           在 System.Web.Compilation.BuildProvidersCompiler.PerformBuild()
                           在 System.Web.Compilation.BuildManager.CompileWebFile(VirtualPath virtualPath)
                           在 System.Web.Compilation.BuildManager.GetVPathBuildResultInternal(VirtualPath virtualPath, Boolean noBuild, Boolean allowCrossApp, Boolean allowBuildInPrecompile)
                           在 System.Web.Compilation.BuildManager.GetVPathBuildResultWithNoAssert(HttpContext context, VirtualPath virtualPath, Boolean noBuild, Boolean allowCrossApp, Boolean allowBuildInPrecompile)
                           在 System.Web.Compilation.BuildManager.GetVirtualPathObjectFactory(VirtualPath virtualPath, HttpContext context, Boolean allowCrossApp, Boolean noAssert)
                           在 System.Web.Compilation.BuildManager.CreateInstanceFromVirtualPath(VirtualPath virtualPath, Type requiredBaseType, HttpContext context, Boolean allowCrossApp, Boolean noAssert)
                           在 System.Web.UI.PageHandlerFactory.GetHandlerHelper(HttpContext context, String requestType, VirtualPath virtualPath, String physicalPath)
                           在 System.Web.UI.PageHandlerFactory.GetHandler(HttpContext context, String requestType, String virtualPath, String path)
                           在 System.Web.HttpApplication.MaterializeHandlerExecutionStep.System.Web.HttpApplication.IExecutionStep.Execute()
                           在 System.Web.HttpApplication.ExecuteStep(IExecutionStep step, Boolean& completedSynchronously)
--------------------------------------------------

2017/11/13 14:50:15：Path              = /admin9876/SiteInfo.aspx?sign=40&menuId=41
Time              = 2017-11-13 14:50:15
ClientIP          = ::1
Type              = System.InvalidOperationException, mscorlib, Version=2.0.0.0, Culture=neutral, PublicKeyToken=b77a5c561934e089
Message           = 未启用当前数据库的 SQL Server Service Broker，因此查询通知不受支持。如果希望使用通知，请为此数据库启用 Service Broker。
Source            = System.Data
HelpLink          = 
ReflectionInfo    = Data : System.Collections.ListDictionaryInternal
                        TargetSite : Void .ctor(SqlConnectionContainerHashHelper, System.String, Boolean)
                        
StackTrace        = 
                        Server stack trace: 
                           在 SqlDependencyProcessDispatcher.SqlConnectionContainer..ctor(SqlConnectionContainerHashHelper hashHelper, String appDomainKey, Boolean useDefaults)
                           在 SqlDependencyProcessDispatcher.Start(String connectionString, String& server, DbConnectionPoolIdentity& identity, String& user, String& database, String& queueService, String appDomainKey, SqlDependencyPerAppDomainDispatcher dispatcher, Boolean& errorOccurred, Boolean& appDomainStart, Boolean useDefaults)
                           在 SqlDependencyProcessDispatcher.StartWithDefault(String connectionString, String& server, DbConnectionPoolIdentity& identity, String& user, String& database, String& service, String appDomainKey, SqlDependencyPerAppDomainDispatcher dispatcher, Boolean& errorOccurred, Boolean& appDomainStart)
                           在 System.Runtime.Remoting.Messaging.StackBuilderSink._PrivateProcessMessage(IntPtr md, Object[] args, Object server, Int32 methodPtr, Boolean fExecuteInContext, Object[]& outArgs)
                           在 System.Runtime.Remoting.Messaging.StackBuilderSink.PrivateProcessMessage(RuntimeMethodHandle md, Object[] args, Object server, Int32 methodPtr, Boolean fExecuteInContext, Object[]& outArgs)
                           在 System.Runtime.Remoting.Messaging.StackBuilderSink.SyncProcessMessage(IMessage msg, Int32 methodPtr, Boolean fExecuteInContext)
                        
                        Exception rethrown at [0]: 
                           在 System.Runtime.Remoting.Proxies.RealProxy.HandleReturnMessage(IMessage reqMsg, IMessage retMsg)
                           在 System.Runtime.Remoting.Proxies.RealProxy.PrivateInvoke(MessageData& msgData, Int32 type)
                           在 SqlDependencyProcessDispatcher.StartWithDefault(String connectionString, String& server, DbConnectionPoolIdentity& identity, String& user, String& database, String& service, String appDomainKey, SqlDependencyPerAppDomainDispatcher dispatcher, Boolean& errorOccurred, Boolean& appDomainStart)
                           在 System.Data.SqlClient.SqlDependency.Start(String connectionString, String queue, Boolean useDefaults)
                           在 System.Data.SqlClient.SqlDependency.Start(String connectionString)
                           在 DBAccess.DataBase.AddSqlDependency(String cacheKey, String strSql, IDictionary`2 parameters) 位置 E:\3_ASP\Aiyang_cs\DBAccess2.0\DBAccess\DataBase.cs:行号 43
--------------------------------------------------

2017/11/13 15:17:02：Path              = /admin9876/Login.aspx
Time              = 2017-11-13 15:17:02
ClientIP          = ::1
Type              = System.Web.HttpCompileException, System.Web, Version=2.0.0.0, Culture=neutral, PublicKeyToken=b03f5f7f11d50a3a
Message           = e:\3_ASP\Aiyang_web\admin9876\Login.aspx(11): error CS0103: 当前上下文中不存在名称“ADMIN_URI”
Source            = System.Web
HelpLink          = 
ReflectionInfo    = Results : System.CodeDom.Compiler.CompilerResults
                        SourceCode : 
                        ErrorCode : -2147467259
                        Data : System.Collections.ListDictionaryInternal
                        TargetSite : System.CodeDom.Compiler.CompilerResults Compile()
                        
StackTrace        =    在 System.Web.Compilation.AssemblyBuilder.Compile()
                           在 System.Web.Compilation.BuildProvidersCompiler.PerformBuild()
                           在 System.Web.Compilation.BuildManager.CompileWebFile(VirtualPath virtualPath)
                           在 System.Web.Compilation.BuildManager.GetVPathBuildResultInternal(VirtualPath virtualPath, Boolean noBuild, Boolean allowCrossApp, Boolean allowBuildInPrecompile)
                           在 System.Web.Compilation.BuildManager.GetVPathBuildResultWithNoAssert(HttpContext context, VirtualPath virtualPath, Boolean noBuild, Boolean allowCrossApp, Boolean allowBuildInPrecompile)
                           在 System.Web.Compilation.BuildManager.GetVirtualPathObjectFactory(VirtualPath virtualPath, HttpContext context, Boolean allowCrossApp, Boolean noAssert)
                           在 System.Web.Compilation.BuildManager.CreateInstanceFromVirtualPath(VirtualPath virtualPath, Type requiredBaseType, HttpContext context, Boolean allowCrossApp, Boolean noAssert)
                           在 System.Web.UI.PageHandlerFactory.GetHandlerHelper(HttpContext context, String requestType, VirtualPath virtualPath, String physicalPath)
                           在 System.Web.UI.PageHandlerFactory.GetHandler(HttpContext context, String requestType, String virtualPath, String path)
                           在 System.Web.HttpApplication.MaterializeHandlerExecutionStep.System.Web.HttpApplication.IExecutionStep.Execute()
                           在 System.Web.HttpApplication.ExecuteStep(IExecutionStep step, Boolean& completedSynchronously)
